

Started GET "/presentation/hacemos" for ::1 at 2015-06-22 19:23:34 -0300

Mysql2::Error (Access denied for user 'root'@'localhost' (using password: YES)):
  mysql2 (0.3.18) lib/mysql2/client.rb:70:in `connect'
  mysql2 (0.3.18) lib/mysql2/client.rb:70:in `initialize'
  activerecord (4.2.1) lib/active_record/connection_adapters/mysql2_adapter.rb:18:in `new'
  activerecord (4.2.1) lib/active_record/connection_adapters/mysql2_adapter.rb:18:in `mysql2_connection'
  activerecord (4.2.1) lib/active_record/connection_adapters/abstract/connection_pool.rb:438:in `new_connection'
  activerecord (4.2.1) lib/active_record/connection_adapters/abstract/connection_pool.rb:448:in `checkout_new_connection'
  activerecord (4.2.1) lib/active_record/connection_adapters/abstract/connection_pool.rb:422:in `acquire_connection'
  activerecord (4.2.1) lib/active_record/connection_adapters/abstract/connection_pool.rb:349:in `block in checkout'
  /home/pachi/.rvm/rubies/ruby-2.2.1/lib/ruby/2.2.0/monitor.rb:211:in `mon_synchronize'
  activerecord (4.2.1) lib/active_record/connection_adapters/abstract/connection_pool.rb:348:in `checkout'
  activerecord (4.2.1) lib/active_record/connection_adapters/abstract/connection_pool.rb:263:in `block in connection'
  /home/pachi/.rvm/rubies/ruby-2.2.1/lib/ruby/2.2.0/monitor.rb:211:in `mon_synchronize'
  activerecord (4.2.1) lib/active_record/connection_adapters/abstract/connection_pool.rb:262:in `connection'
  activerecord (4.2.1) lib/active_record/connection_adapters/abstract/connection_pool.rb:567:in `retrieve_connection'
  activerecord (4.2.1) lib/active_record/connection_handling.rb:113:in `retrieve_connection'
  activerecord (4.2.1) lib/active_record/connection_handling.rb:87:in `connection'
  activerecord (4.2.1) lib/active_record/migration.rb:384:in `connection'
  activerecord (4.2.1) lib/active_record/migration.rb:371:in `call'
  actionpack (4.2.1) lib/action_dispatch/middleware/callbacks.rb:29:in `block in call'
  activesupport (4.2.1) lib/active_support/callbacks.rb:88:in `call'
  activesupport (4.2.1) lib/active_support/callbacks.rb:88:in `_run_callbacks'
  activesupport (4.2.1) lib/active_support/callbacks.rb:776:in `_run_call_callbacks'
  activesupport (4.2.1) lib/active_support/callbacks.rb:81:in `run_callbacks'
  actionpack (4.2.1) lib/action_dispatch/middleware/callbacks.rb:27:in `call'
  actionpack (4.2.1) lib/action_dispatch/middleware/reloader.rb:73:in `call'
  actionpack (4.2.1) lib/action_dispatch/middleware/remote_ip.rb:78:in `call'
  actionpack (4.2.1) lib/action_dispatch/middleware/debug_exceptions.rb:17:in `call'
  web-console (2.1.2) lib/web_console/middleware.rb:37:in `call'
  actionpack (4.2.1) lib/action_dispatch/middleware/show_exceptions.rb:30:in `call'
  railties (4.2.1) lib/rails/rack/logger.rb:38:in `call_app'
  railties (4.2.1) lib/rails/rack/logger.rb:20:in `block in call'
  activesupport (4.2.1) lib/active_support/tagged_logging.rb:68:in `block in tagged'
  activesupport (4.2.1) lib/active_support/tagged_logging.rb:26:in `tagged'
  activesupport (4.2.1) lib/active_support/tagged_logging.rb:68:in `tagged'
  railties (4.2.1) lib/rails/rack/logger.rb:20:in `call'
  actionpack (4.2.1) lib/action_dispatch/middleware/request_id.rb:21:in `call'
  rack (1.6.0) lib/rack/methodoverride.rb:22:in `call'
  rack (1.6.0) lib/rack/runtime.rb:18:in `call'
  activesupport (4.2.1) lib/active_support/cache/strategy/local_cache_middleware.rb:28:in `call'
  rack (1.6.0) lib/rack/lock.rb:17:in `call'
  actionpack (4.2.1) lib/action_dispatch/middleware/static.rb:113:in `call'
  rack (1.6.0) lib/rack/sendfile.rb:113:in `call'
  railties (4.2.1) lib/rails/engine.rb:518:in `call'
  railties (4.2.1) lib/rails/application.rb:164:in `call'
  rack (1.6.0) lib/rack/lock.rb:17:in `call'
  rack (1.6.0) lib/rack/content_length.rb:15:in `call'
  rack (1.6.0) lib/rack/handler/webrick.rb:89:in `service'
  /home/pachi/.rvm/rubies/ruby-2.2.1/lib/ruby/2.2.0/webrick/httpserver.rb:138:in `service'
  /home/pachi/.rvm/rubies/ruby-2.2.1/lib/ruby/2.2.0/webrick/httpserver.rb:94:in `run'
  /home/pachi/.rvm/rubies/ruby-2.2.1/lib/ruby/2.2.0/webrick/server.rb:294:in `block in start_thread'


  Rendered /home/pachi/.rvm/gems/ruby-2.2.1/gems/actionpack-4.2.1/lib/action_dispatch/middleware/templates/rescues/_source.erb (8.4ms)
  Rendered /home/pachi/.rvm/gems/ruby-2.2.1/gems/actionpack-4.2.1/lib/action_dispatch/middleware/templates/rescues/_trace.html.erb (4.1ms)
  Rendered /home/pachi/.rvm/gems/ruby-2.2.1/gems/actionpack-4.2.1/lib/action_dispatch/middleware/templates/rescues/_request_and_response.html.erb (2.0ms)
  Rendered /home/pachi/.rvm/gems/ruby-2.2.1/gems/actionpack-4.2.1/lib/action_dispatch/middleware/templates/rescues/diagnostics.html.erb within rescues/layout (51.4ms)
  Rendered /home/pachi/.rvm/gems/ruby-2.2.1/gems/web-console-2.1.2/lib/web_console/templates/_markup.html.erb (1.1ms)
  Rendered /home/pachi/.rvm/gems/ruby-2.2.1/gems/web-console-2.1.2/lib/web_console/templates/style.css.erb within layouts/inlined_string (0.6ms)
  Rendered /home/pachi/.rvm/gems/ruby-2.2.1/gems/web-console-2.1.2/lib/web_console/templates/_inner_console_markup.html.erb within layouts/inlined_string (0.5ms)
  Rendered /home/pachi/.rvm/gems/ruby-2.2.1/gems/web-console-2.1.2/lib/web_console/templates/_prompt_box_markup.html.erb within layouts/inlined_string (0.4ms)
  Rendered /home/pachi/.rvm/gems/ruby-2.2.1/gems/web-console-2.1.2/lib/web_console/templates/console.js.erb within layouts/javascript (35.8ms)
  Rendered /home/pachi/.rvm/gems/ruby-2.2.1/gems/web-console-2.1.2/lib/web_console/templates/main.js.erb within layouts/javascript (0.8ms)
  Rendered /home/pachi/.rvm/gems/ruby-2.2.1/gems/web-console-2.1.2/lib/web_console/templates/error_page.js.erb within layouts/javascript (0.9ms)
  Rendered /home/pachi/.rvm/gems/ruby-2.2.1/gems/web-console-2.1.2/lib/web_console/templates/index.html.erb (84.1ms)


Started GET "/presentation/hacemos" for ::1 at 2015-06-22 19:23:51 -0300

Mysql2::Error (Access denied for user 'root'@'localhost' (using password: YES)):
  mysql2 (0.3.18) lib/mysql2/client.rb:70:in `connect'
  mysql2 (0.3.18) lib/mysql2/client.rb:70:in `initialize'
  activerecord (4.2.1) lib/active_record/connection_adapters/mysql2_adapter.rb:18:in `new'
  activerecord (4.2.1) lib/active_record/connection_adapters/mysql2_adapter.rb:18:in `mysql2_connection'
  activerecord (4.2.1) lib/active_record/connection_adapters/abstract/connection_pool.rb:438:in `new_connection'
  activerecord (4.2.1) lib/active_record/connection_adapters/abstract/connection_pool.rb:448:in `checkout_new_connection'
  activerecord (4.2.1) lib/active_record/connection_adapters/abstract/connection_pool.rb:422:in `acquire_connection'
  activerecord (4.2.1) lib/active_record/connection_adapters/abstract/connection_pool.rb:349:in `block in checkout'
  /home/pachi/.rvm/rubies/ruby-2.2.1/lib/ruby/2.2.0/monitor.rb:211:in `mon_synchronize'
  activerecord (4.2.1) lib/active_record/connection_adapters/abstract/connection_pool.rb:348:in `checkout'
  activerecord (4.2.1) lib/active_record/connection_adapters/abstract/connection_pool.rb:263:in `block in connection'
  /home/pachi/.rvm/rubies/ruby-2.2.1/lib/ruby/2.2.0/monitor.rb:211:in `mon_synchronize'
  activerecord (4.2.1) lib/active_record/connection_adapters/abstract/connection_pool.rb:262:in `connection'
  activerecord (4.2.1) lib/active_record/connection_adapters/abstract/connection_pool.rb:567:in `retrieve_connection'
  activerecord (4.2.1) lib/active_record/connection_handling.rb:113:in `retrieve_connection'
  activerecord (4.2.1) lib/active_record/connection_handling.rb:87:in `connection'
  activerecord (4.2.1) lib/active_record/migration.rb:384:in `connection'
  activerecord (4.2.1) lib/active_record/migration.rb:371:in `call'
  actionpack (4.2.1) lib/action_dispatch/middleware/callbacks.rb:29:in `block in call'
  activesupport (4.2.1) lib/active_support/callbacks.rb:88:in `call'
  activesupport (4.2.1) lib/active_support/callbacks.rb:88:in `_run_callbacks'
  activesupport (4.2.1) lib/active_support/callbacks.rb:776:in `_run_call_callbacks'
  activesupport (4.2.1) lib/active_support/callbacks.rb:81:in `run_callbacks'
  actionpack (4.2.1) lib/action_dispatch/middleware/callbacks.rb:27:in `call'
  actionpack (4.2.1) lib/action_dispatch/middleware/reloader.rb:73:in `call'
  actionpack (4.2.1) lib/action_dispatch/middleware/remote_ip.rb:78:in `call'
  actionpack (4.2.1) lib/action_dispatch/middleware/debug_exceptions.rb:17:in `call'
  web-console (2.1.2) lib/web_console/middleware.rb:37:in `call'
  actionpack (4.2.1) lib/action_dispatch/middleware/show_exceptions.rb:30:in `call'
  railties (4.2.1) lib/rails/rack/logger.rb:38:in `call_app'
  railties (4.2.1) lib/rails/rack/logger.rb:20:in `block in call'
  activesupport (4.2.1) lib/active_support/tagged_logging.rb:68:in `block in tagged'
  activesupport (4.2.1) lib/active_support/tagged_logging.rb:26:in `tagged'
  activesupport (4.2.1) lib/active_support/tagged_logging.rb:68:in `tagged'
  railties (4.2.1) lib/rails/rack/logger.rb:20:in `call'
  actionpack (4.2.1) lib/action_dispatch/middleware/request_id.rb:21:in `call'
  rack (1.6.0) lib/rack/methodoverride.rb:22:in `call'
  rack (1.6.0) lib/rack/runtime.rb:18:in `call'
  activesupport (4.2.1) lib/active_support/cache/strategy/local_cache_middleware.rb:28:in `call'
  rack (1.6.0) lib/rack/lock.rb:17:in `call'
  actionpack (4.2.1) lib/action_dispatch/middleware/static.rb:113:in `call'
  rack (1.6.0) lib/rack/sendfile.rb:113:in `call'
  railties (4.2.1) lib/rails/engine.rb:518:in `call'
  railties (4.2.1) lib/rails/application.rb:164:in `call'
  rack (1.6.0) lib/rack/lock.rb:17:in `call'
  rack (1.6.0) lib/rack/content_length.rb:15:in `call'
  rack (1.6.0) lib/rack/handler/webrick.rb:89:in `service'
  /home/pachi/.rvm/rubies/ruby-2.2.1/lib/ruby/2.2.0/webrick/httpserver.rb:138:in `service'
  /home/pachi/.rvm/rubies/ruby-2.2.1/lib/ruby/2.2.0/webrick/httpserver.rb:94:in `run'
  /home/pachi/.rvm/rubies/ruby-2.2.1/lib/ruby/2.2.0/webrick/server.rb:294:in `block in start_thread'


  Rendered /home/pachi/.rvm/gems/ruby-2.2.1/gems/actionpack-4.2.1/lib/action_dispatch/middleware/templates/rescues/_source.erb (7.0ms)
  Rendered /home/pachi/.rvm/gems/ruby-2.2.1/gems/actionpack-4.2.1/lib/action_dispatch/middleware/templates/rescues/_trace.html.erb (3.4ms)
  Rendered /home/pachi/.rvm/gems/ruby-2.2.1/gems/actionpack-4.2.1/lib/action_dispatch/middleware/templates/rescues/_request_and_response.html.erb (1.6ms)
  Rendered /home/pachi/.rvm/gems/ruby-2.2.1/gems/actionpack-4.2.1/lib/action_dispatch/middleware/templates/rescues/diagnostics.html.erb within rescues/layout (35.0ms)
  Rendered /home/pachi/.rvm/gems/ruby-2.2.1/gems/web-console-2.1.2/lib/web_console/templates/_markup.html.erb (0.6ms)
  Rendered /home/pachi/.rvm/gems/ruby-2.2.1/gems/web-console-2.1.2/lib/web_console/templates/style.css.erb within layouts/inlined_string (0.4ms)
  Rendered /home/pachi/.rvm/gems/ruby-2.2.1/gems/web-console-2.1.2/lib/web_console/templates/_inner_console_markup.html.erb within layouts/inlined_string (0.4ms)
  Rendered /home/pachi/.rvm/gems/ruby-2.2.1/gems/web-console-2.1.2/lib/web_console/templates/_prompt_box_markup.html.erb within layouts/inlined_string (0.4ms)
  Rendered /home/pachi/.rvm/gems/ruby-2.2.1/gems/web-console-2.1.2/lib/web_console/templates/console.js.erb within layouts/javascript (24.1ms)
  Rendered /home/pachi/.rvm/gems/ruby-2.2.1/gems/web-console-2.1.2/lib/web_console/templates/main.js.erb within layouts/javascript (0.7ms)
  Rendered /home/pachi/.rvm/gems/ruby-2.2.1/gems/web-console-2.1.2/lib/web_console/templates/error_page.js.erb within layouts/javascript (0.6ms)
  Rendered /home/pachi/.rvm/gems/ruby-2.2.1/gems/web-console-2.1.2/lib/web_console/templates/index.html.erb (51.8ms)


Started GET "/presentation/hacemos" for ::1 at 2015-06-22 19:24:05 -0300
  [1m[36mActiveRecord::SchemaMigration Load (0.2ms)[0m  [1mSELECT `schema_migrations`.* FROM `schema_migrations`[0m
Processing by PresentationController#hacemos as HTML
  Rendered presentation/hacemos.html.erb within layouts/application (2.2ms)
  [1m[35m (0.4ms)[0m  SELECT COUNT(*) FROM `users`
  Rendered parsials/_navigation.html.erb (14.1ms)
  Rendered devise/shared/_links.html.erb (2.9ms)
  Rendered devise/sessions/_inicio_sesion.html.erb (45.5ms)
  Rendered parsials/_intranet.html.erb (47.4ms)
Completed 200 OK in 1164ms (Views: 1146.5ms | ActiveRecord: 2.7ms)


Started GET "/assets/twitter-bootstrap-static/bootstrap.self-77d963462a71b85aa6c39f0110994006fed4301154d937da52eb3884ff813853.css?body=1" for ::1 at 2015-06-22 19:24:06 -0300


Started GET "/assets/twitter-bootstrap-static/fontawesome.self-c1a8821f7eb1b195061d7706930814ecc6bd44db4c68f208da5fe14845fa11ea.css?body=1" for ::1 at 2015-06-22 19:24:07 -0300


Started GET "/assets/presentation.self-e3b0c44298fc1c149afbf4c8996fb92427ae41e4649b934ca495991b7852b855.css?body=1" for ::1 at 2015-06-22 19:24:07 -0300


Started GET "/assets/bootstrap_and_overrides.self-2cb3834583dfbaf0a39c7139750bf963e05d79cbe811126997e013400be5d8dc.css?body=1" for ::1 at 2015-06-22 19:24:07 -0300


Started GET "/assets/bootstrap.self-48b6fc2f6c7175ba7730d917306201b082c7f9f4501d81d5167f59c58b12b32d.css?body=1" for ::1 at 2015-06-22 19:24:07 -0300


Started GET "/assets/styles.self-94c16ca34638d97bc707bde5656870b28254a6b22917b27ecb5c3a59c9435eb8.css?body=1" for ::1 at 2015-06-22 19:24:07 -0300


Started GET "/assets/jquery.self-d03a5518f45df77341bdbe6201ba3bfa547ebba8ed64f0ea56bfa5f96ea7c074.js?body=1" for ::1 at 2015-06-22 19:24:07 -0300


Started GET "/assets/application.self-f9a1b152a84c79cb802c3085a3e4eb2ea6ed7763052e9b70b3567da42e657649.css?body=1" for ::1 at 2015-06-22 19:24:07 -0300


Started GET "/assets/jquery_ujs.self-8e98a7a072a6cee1372d19fff9ff3e6aa1e39a37d89d6f06861637d061113ee7.js?body=1" for ::1 at 2015-06-22 19:24:07 -0300


Started GET "/assets/twitter/bootstrap/transition.self-db278e3a8fa6249c16796b113ebd29e11ef4e2cd021618ed84895d524a4511e0.js?body=1" for ::1 at 2015-06-22 19:24:07 -0300


Started GET "/assets/twitter/bootstrap/alert.self-ebce91ec66c71bcee451ea7da9128fd1bf8faa02c6d22ea04c598423431e4c08.js?body=1" for ::1 at 2015-06-22 19:24:07 -0300


Started GET "/assets/twitter/bootstrap/modal.self-ab1767545e27c0dbd36971e656ae4927171f673e3d932cdec2cbef39e991952b.js?body=1" for ::1 at 2015-06-22 19:24:07 -0300


Started GET "/assets/twitter/bootstrap/dropdown.self-8bb9309b6c24a4ba6b94026a049d25b13bdc0553b6fe83255c14a715ba624cc4.js?body=1" for ::1 at 2015-06-22 19:24:07 -0300


Started GET "/assets/twitter/bootstrap/scrollspy.self-bd0c6724cdc75302fe98dfeff923112b76c1673cf4a0752a7050b7feea15594c.js?body=1" for ::1 at 2015-06-22 19:24:07 -0300


Started GET "/assets/twitter/bootstrap/tab.self-7e3ee4a243bb416b5f0111a0be08f8547c5d72ba71fe4afe4a4a007f5cb4e10e.js?body=1" for ::1 at 2015-06-22 19:24:07 -0300


Started GET "/assets/twitter/bootstrap/tooltip.self-d7f9330825307d053f68da11bb9ddc9b070df72deef3d115f2f3d55f66b17457.js?body=1" for ::1 at 2015-06-22 19:24:07 -0300


Started GET "/assets/twitter/bootstrap/popover.self-cd672ecad3b549e1dbd89bfd044e5812d6fdade56f42d48e3acee0c3f4614526.js?body=1" for ::1 at 2015-06-22 19:24:07 -0300


Started GET "/assets/twitter/bootstrap/button.self-ceb562de883e04359bb2c06f07bdf6ecf065cc8a5027e2e58857c5e91b0b68e3.js?body=1" for ::1 at 2015-06-22 19:24:07 -0300


Started GET "/assets/twitter/bootstrap/collapse.self-a87553101c955a01e2e8c81fad69a16582ddbf58fe95d5eb335dde5567af7647.js?body=1" for ::1 at 2015-06-22 19:24:07 -0300


Started GET "/assets/twitter/bootstrap/carousel.self-5d09995e01b647168888180d40e271f9a6759d68ae7ac029d7026af58813d376.js?body=1" for ::1 at 2015-06-22 19:24:07 -0300


Started GET "/assets/twitter/bootstrap/affix.self-14e04bbe71282aa039322ab93e3a3a886ddede5f59a2f365f7c861f697bbeb21.js?body=1" for ::1 at 2015-06-22 19:24:07 -0300


Started GET "/assets/twitter/bootstrap.self-fbfa5ad7d9aa0afe439ec4ff3883acc4cb92b62cb67c40d674320c9aa1d4642d.js?body=1" for ::1 at 2015-06-22 19:24:07 -0300


Started GET "/assets/turbolinks.self-c37727e9bd6b2735da5c311aa83fead54ed0be6cc8bd9a65309e9c5abe2cbfff.js?body=1" for ::1 at 2015-06-22 19:24:07 -0300


Started GET "/assets/bootstrap.self-fdc98dee79ee88255e10cac6caa91338165cb76cf0d263744d8d90011fc2ef8f.js?body=1" for ::1 at 2015-06-22 19:24:07 -0300


Started GET "/assets/menuestatuto.self-0bb7d6c6f2d1ccfb9360e2c883d671872503faded85d536ab9a57d0af7733cd0.js?body=1" for ::1 at 2015-06-22 19:24:07 -0300


Started GET "/assets/presentation.self-877aef30ae1b040ab8a3aba4e3e309a11d7f2612f44dde450b5c157aa5f95c05.js?body=1" for ::1 at 2015-06-22 19:24:07 -0300


Started GET "/assets/application.self-16c207b3ca1b52afcfc7f4b662487caf1bbe084a6656bb15f693ab9de2d11be7.js?body=1" for ::1 at 2015-06-22 19:24:07 -0300


Started GET "/users/sign_up" for ::1 at 2015-06-22 19:24:13 -0300
Processing by Users::RegistrationsController#new as HTML
  Rendered presentation/_estatutos.html.erb (1.1ms)
  [1m[36mCategory Load (0.8ms)[0m  [1mSELECT `categories`.* FROM `categories`[0m
  Rendered devise/registrations/new.html.erb within layouts/application (42.9ms)
  [1m[35m (0.3ms)[0m  SELECT COUNT(*) FROM `users`
  Rendered parsials/_navigation.html.erb (2.6ms)
  Rendered devise/shared/_links.html.erb (0.2ms)
  Rendered devise/sessions/_inicio_sesion.html.erb (2.3ms)
  Rendered parsials/_intranet.html.erb (3.0ms)
Completed 200 OK in 221ms (Views: 215.1ms | ActiveRecord: 3.2ms)


Started GET "/presentation/hacemos" for ::1 at 2015-06-22 19:24:29 -0300
Processing by PresentationController#hacemos as HTML
  Rendered presentation/hacemos.html.erb within layouts/application (0.7ms)
  [1m[36m (0.4ms)[0m  [1mSELECT COUNT(*) FROM `users`[0m
  Rendered parsials/_navigation.html.erb (4.3ms)
  Rendered devise/shared/_links.html.erb (1.8ms)
  Rendered devise/sessions/_inicio_sesion.html.erb (5.2ms)
  Rendered parsials/_intranet.html.erb (7.1ms)
Completed 200 OK in 185ms (Views: 184.1ms | ActiveRecord: 0.4ms)


Started GET "/presentation/somos" for ::1 at 2015-06-22 19:24:31 -0300
Processing by PresentationController#somos as HTML
  Rendered presentation/somos.html.erb within layouts/application (60.6ms)
  [1m[35m (0.4ms)[0m  SELECT COUNT(*) FROM `users`
  Rendered parsials/_navigation.html.erb (2.7ms)
  Rendered devise/shared/_links.html.erb (0.6ms)
  Rendered devise/sessions/_inicio_sesion.html.erb (3.0ms)
  Rendered parsials/_intranet.html.erb (4.0ms)
Completed 200 OK in 284ms (Views: 282.9ms | ActiveRecord: 0.4ms)


Started GET "/presentation/hacemos" for ::1 at 2015-06-22 19:24:33 -0300
Processing by PresentationController#hacemos as HTML
  Rendered presentation/hacemos.html.erb within layouts/application (0.1ms)
  [1m[36m (0.5ms)[0m  [1mSELECT COUNT(*) FROM `users`[0m
  Rendered parsials/_navigation.html.erb (2.6ms)
  Rendered devise/shared/_links.html.erb (0.4ms)
  Rendered devise/sessions/_inicio_sesion.html.erb (2.9ms)
  Rendered parsials/_intranet.html.erb (4.2ms)
Completed 200 OK in 200ms (Views: 198.5ms | ActiveRecord: 0.5ms)


Started GET "/presentation/somos" for ::1 at 2015-06-22 19:24:53 -0300
Processing by PresentationController#somos as HTML
  Rendered presentation/somos.html.erb within layouts/application (30.1ms)
  [1m[35m (0.2ms)[0m  SELECT COUNT(*) FROM `users`
  Rendered parsials/_navigation.html.erb (2.4ms)
  Rendered devise/shared/_links.html.erb (0.5ms)
  Rendered devise/sessions/_inicio_sesion.html.erb (2.9ms)
  Rendered parsials/_intranet.html.erb (4.1ms)
Completed 200 OK in 223ms (Views: 222.4ms | ActiveRecord: 0.2ms)


Started GET "/presentation/somos" for ::1 at 2015-06-22 19:24:53 -0300
Processing by PresentationController#somos as HTML
  Rendered presentation/somos.html.erb within layouts/application (31.0ms)
  [1m[36m (0.4ms)[0m  [1mSELECT COUNT(*) FROM `users`[0m
  Rendered parsials/_navigation.html.erb (2.8ms)
  Rendered devise/shared/_links.html.erb (0.4ms)
  Rendered devise/sessions/_inicio_sesion.html.erb (2.6ms)
  Rendered parsials/_intranet.html.erb (3.6ms)
Completed 200 OK in 224ms (Views: 223.4ms | ActiveRecord: 0.4ms)


Started GET "/presentation/hacemos" for ::1 at 2015-06-22 19:25:07 -0300
Processing by PresentationController#hacemos as HTML
  Rendered presentation/hacemos.html.erb within layouts/application (0.1ms)
  [1m[35m (0.3ms)[0m  SELECT COUNT(*) FROM `users`
  Rendered parsials/_navigation.html.erb (2.8ms)
  Rendered devise/shared/_links.html.erb (0.4ms)
  Rendered devise/sessions/_inicio_sesion.html.erb (3.1ms)
  Rendered parsials/_intranet.html.erb (4.3ms)
Completed 200 OK in 219ms (Views: 217.6ms | ActiveRecord: 0.3ms)


Started GET "/users/sign_up" for ::1 at 2015-06-22 19:26:08 -0300
Processing by Users::RegistrationsController#new as HTML
  Rendered presentation/_estatutos.html.erb (0.1ms)
  Rendered devise/registrations/new.html.erb within layouts/application (6.4ms)
  [1m[36m (0.4ms)[0m  [1mSELECT COUNT(*) FROM `users`[0m
  Rendered parsials/_navigation.html.erb (2.5ms)
  Rendered devise/shared/_links.html.erb (0.2ms)
  Rendered devise/sessions/_inicio_sesion.html.erb (2.3ms)
  Rendered parsials/_intranet.html.erb (3.2ms)
Completed 200 OK in 195ms (Views: 192.9ms | ActiveRecord: 0.4ms)


Started GET "/users/sign_up" for ::1 at 2015-06-22 19:26:39 -0300
Processing by Users::RegistrationsController#new as HTML
  Rendered presentation/_estatutos.html.erb (0.1ms)
  Rendered devise/registrations/new.html.erb within layouts/application (6.9ms)
  [1m[35m (0.4ms)[0m  SELECT COUNT(*) FROM `users`
  Rendered parsials/_navigation.html.erb (2.4ms)
  Rendered devise/shared/_links.html.erb (0.1ms)
  Rendered devise/sessions/_inicio_sesion.html.erb (2.1ms)
  Rendered parsials/_intranet.html.erb (2.9ms)
Completed 200 OK in 186ms (Views: 184.0ms | ActiveRecord: 0.4ms)


Started GET "/assets/bootstrap.self-48b6fc2f6c7175ba7730d917306201b082c7f9f4501d81d5167f59c58b12b32d.css?body=1" for ::1 at 2015-06-22 19:26:39 -0300


Started GET "/assets/twitter-bootstrap-static/bootstrap.self-77d963462a71b85aa6c39f0110994006fed4301154d937da52eb3884ff813853.css?body=1" for ::1 at 2015-06-22 19:26:39 -0300


Started GET "/assets/bootstrap_and_overrides.self-2cb3834583dfbaf0a39c7139750bf963e05d79cbe811126997e013400be5d8dc.css?body=1" for ::1 at 2015-06-22 19:26:39 -0300


Started GET "/assets/styles.self-94c16ca34638d97bc707bde5656870b28254a6b22917b27ecb5c3a59c9435eb8.css?body=1" for ::1 at 2015-06-22 19:26:39 -0300


Started GET "/assets/presentation.self-e3b0c44298fc1c149afbf4c8996fb92427ae41e4649b934ca495991b7852b855.css?body=1" for ::1 at 2015-06-22 19:26:39 -0300


Started GET "/assets/twitter-bootstrap-static/fontawesome.self-c1a8821f7eb1b195061d7706930814ecc6bd44db4c68f208da5fe14845fa11ea.css?body=1" for ::1 at 2015-06-22 19:26:39 -0300


Started GET "/assets/application.self-f9a1b152a84c79cb802c3085a3e4eb2ea6ed7763052e9b70b3567da42e657649.css?body=1" for ::1 at 2015-06-22 19:26:39 -0300


Started GET "/assets/jquery.self-d03a5518f45df77341bdbe6201ba3bfa547ebba8ed64f0ea56bfa5f96ea7c074.js?body=1" for ::1 at 2015-06-22 19:26:39 -0300


Started GET "/assets/jquery_ujs.self-8e98a7a072a6cee1372d19fff9ff3e6aa1e39a37d89d6f06861637d061113ee7.js?body=1" for ::1 at 2015-06-22 19:26:39 -0300


Started GET "/assets/twitter/bootstrap/transition.self-db278e3a8fa6249c16796b113ebd29e11ef4e2cd021618ed84895d524a4511e0.js?body=1" for ::1 at 2015-06-22 19:26:39 -0300


Started GET "/assets/twitter/bootstrap/alert.self-ebce91ec66c71bcee451ea7da9128fd1bf8faa02c6d22ea04c598423431e4c08.js?body=1" for ::1 at 2015-06-22 19:26:39 -0300


Started GET "/assets/twitter/bootstrap/modal.self-ab1767545e27c0dbd36971e656ae4927171f673e3d932cdec2cbef39e991952b.js?body=1" for ::1 at 2015-06-22 19:26:39 -0300


Started GET "/assets/twitter/bootstrap/dropdown.self-8bb9309b6c24a4ba6b94026a049d25b13bdc0553b6fe83255c14a715ba624cc4.js?body=1" for ::1 at 2015-06-22 19:26:39 -0300


Started GET "/assets/twitter/bootstrap/scrollspy.self-bd0c6724cdc75302fe98dfeff923112b76c1673cf4a0752a7050b7feea15594c.js?body=1" for ::1 at 2015-06-22 19:26:39 -0300


Started GET "/assets/twitter/bootstrap/tab.self-7e3ee4a243bb416b5f0111a0be08f8547c5d72ba71fe4afe4a4a007f5cb4e10e.js?body=1" for ::1 at 2015-06-22 19:26:39 -0300


Started GET "/assets/twitter/bootstrap/tooltip.self-d7f9330825307d053f68da11bb9ddc9b070df72deef3d115f2f3d55f66b17457.js?body=1" for ::1 at 2015-06-22 19:26:39 -0300


Started GET "/assets/twitter/bootstrap/button.self-ceb562de883e04359bb2c06f07bdf6ecf065cc8a5027e2e58857c5e91b0b68e3.js?body=1" for ::1 at 2015-06-22 19:26:39 -0300


Started GET "/assets/twitter/bootstrap/popover.self-cd672ecad3b549e1dbd89bfd044e5812d6fdade56f42d48e3acee0c3f4614526.js?body=1" for ::1 at 2015-06-22 19:26:39 -0300


Started GET "/assets/twitter/bootstrap/collapse.self-a87553101c955a01e2e8c81fad69a16582ddbf58fe95d5eb335dde5567af7647.js?body=1" for ::1 at 2015-06-22 19:26:39 -0300


Started GET "/assets/twitter/bootstrap/carousel.self-5d09995e01b647168888180d40e271f9a6759d68ae7ac029d7026af58813d376.js?body=1" for ::1 at 2015-06-22 19:26:39 -0300


Started GET "/assets/twitter/bootstrap/affix.self-14e04bbe71282aa039322ab93e3a3a886ddede5f59a2f365f7c861f697bbeb21.js?body=1" for ::1 at 2015-06-22 19:26:39 -0300


Started GET "/assets/twitter/bootstrap.self-fbfa5ad7d9aa0afe439ec4ff3883acc4cb92b62cb67c40d674320c9aa1d4642d.js?body=1" for ::1 at 2015-06-22 19:26:39 -0300


Started GET "/assets/turbolinks.self-c37727e9bd6b2735da5c311aa83fead54ed0be6cc8bd9a65309e9c5abe2cbfff.js?body=1" for ::1 at 2015-06-22 19:26:39 -0300


Started GET "/assets/bootstrap.self-fdc98dee79ee88255e10cac6caa91338165cb76cf0d263744d8d90011fc2ef8f.js?body=1" for ::1 at 2015-06-22 19:26:39 -0300


Started GET "/assets/menuestatuto.self-0bb7d6c6f2d1ccfb9360e2c883d671872503faded85d536ab9a57d0af7733cd0.js?body=1" for ::1 at 2015-06-22 19:26:39 -0300


Started GET "/assets/presentation.self-877aef30ae1b040ab8a3aba4e3e309a11d7f2612f44dde450b5c157aa5f95c05.js?body=1" for ::1 at 2015-06-22 19:26:39 -0300


Started GET "/assets/application.self-16c207b3ca1b52afcfc7f4b662487caf1bbe084a6656bb15f693ab9de2d11be7.js?body=1" for ::1 at 2015-06-22 19:26:39 -0300


Started GET "/users/sign_up" for ::1 at 2015-06-22 19:26:48 -0300
Processing by Users::RegistrationsController#new as HTML
  Rendered presentation/_estatutos.html.erb (0.1ms)
  Rendered devise/registrations/new.html.erb within layouts/application (24.7ms)
  [1m[36m (0.4ms)[0m  [1mSELECT COUNT(*) FROM `users`[0m
  Rendered parsials/_navigation.html.erb (2.5ms)
  Rendered devise/shared/_links.html.erb (0.1ms)
  Rendered devise/sessions/_inicio_sesion.html.erb (2.2ms)
  Rendered parsials/_intranet.html.erb (3.0ms)
Completed 200 OK in 241ms (Views: 238.9ms | ActiveRecord: 0.4ms)


Started GET "/assets/bootstrap_and_overrides.self-2cb3834583dfbaf0a39c7139750bf963e05d79cbe811126997e013400be5d8dc.css?body=1" for ::1 at 2015-06-22 19:26:48 -0300


Started GET "/assets/twitter-bootstrap-static/fontawesome.self-c1a8821f7eb1b195061d7706930814ecc6bd44db4c68f208da5fe14845fa11ea.css?body=1" for ::1 at 2015-06-22 19:26:48 -0300


Started GET "/assets/bootstrap.self-48b6fc2f6c7175ba7730d917306201b082c7f9f4501d81d5167f59c58b12b32d.css?body=1" for ::1 at 2015-06-22 19:26:48 -0300


Started GET "/assets/twitter-bootstrap-static/bootstrap.self-77d963462a71b85aa6c39f0110994006fed4301154d937da52eb3884ff813853.css?body=1" for ::1 at 2015-06-22 19:26:48 -0300


Started GET "/assets/styles.self-94c16ca34638d97bc707bde5656870b28254a6b22917b27ecb5c3a59c9435eb8.css?body=1" for ::1 at 2015-06-22 19:26:48 -0300


Started GET "/assets/presentation.self-e3b0c44298fc1c149afbf4c8996fb92427ae41e4649b934ca495991b7852b855.css?body=1" for ::1 at 2015-06-22 19:26:48 -0300


Started GET "/assets/application.self-f9a1b152a84c79cb802c3085a3e4eb2ea6ed7763052e9b70b3567da42e657649.css?body=1" for ::1 at 2015-06-22 19:26:48 -0300


Started GET "/assets/jquery_ujs.self-8e98a7a072a6cee1372d19fff9ff3e6aa1e39a37d89d6f06861637d061113ee7.js?body=1" for ::1 at 2015-06-22 19:26:48 -0300


Started GET "/assets/jquery.self-d03a5518f45df77341bdbe6201ba3bfa547ebba8ed64f0ea56bfa5f96ea7c074.js?body=1" for ::1 at 2015-06-22 19:26:48 -0300


Started GET "/assets/twitter/bootstrap/alert.self-ebce91ec66c71bcee451ea7da9128fd1bf8faa02c6d22ea04c598423431e4c08.js?body=1" for ::1 at 2015-06-22 19:26:48 -0300


Started GET "/assets/twitter/bootstrap/transition.self-db278e3a8fa6249c16796b113ebd29e11ef4e2cd021618ed84895d524a4511e0.js?body=1" for ::1 at 2015-06-22 19:26:48 -0300


Started GET "/assets/twitter/bootstrap/dropdown.self-8bb9309b6c24a4ba6b94026a049d25b13bdc0553b6fe83255c14a715ba624cc4.js?body=1" for ::1 at 2015-06-22 19:26:48 -0300


Started GET "/assets/twitter/bootstrap/modal.self-ab1767545e27c0dbd36971e656ae4927171f673e3d932cdec2cbef39e991952b.js?body=1" for ::1 at 2015-06-22 19:26:48 -0300


Started GET "/assets/twitter/bootstrap/scrollspy.self-bd0c6724cdc75302fe98dfeff923112b76c1673cf4a0752a7050b7feea15594c.js?body=1" for ::1 at 2015-06-22 19:26:48 -0300


Started GET "/assets/twitter/bootstrap/tab.self-7e3ee4a243bb416b5f0111a0be08f8547c5d72ba71fe4afe4a4a007f5cb4e10e.js?body=1" for ::1 at 2015-06-22 19:26:48 -0300


Started GET "/assets/twitter/bootstrap/tooltip.self-d7f9330825307d053f68da11bb9ddc9b070df72deef3d115f2f3d55f66b17457.js?body=1" for ::1 at 2015-06-22 19:26:48 -0300


Started GET "/assets/twitter/bootstrap/popover.self-cd672ecad3b549e1dbd89bfd044e5812d6fdade56f42d48e3acee0c3f4614526.js?body=1" for ::1 at 2015-06-22 19:26:48 -0300


Started GET "/assets/twitter/bootstrap/button.self-ceb562de883e04359bb2c06f07bdf6ecf065cc8a5027e2e58857c5e91b0b68e3.js?body=1" for ::1 at 2015-06-22 19:26:48 -0300


Started GET "/assets/twitter/bootstrap/collapse.self-a87553101c955a01e2e8c81fad69a16582ddbf58fe95d5eb335dde5567af7647.js?body=1" for ::1 at 2015-06-22 19:26:48 -0300


Started GET "/assets/twitter/bootstrap/carousel.self-5d09995e01b647168888180d40e271f9a6759d68ae7ac029d7026af58813d376.js?body=1" for ::1 at 2015-06-22 19:26:48 -0300


Started GET "/assets/twitter/bootstrap/affix.self-14e04bbe71282aa039322ab93e3a3a886ddede5f59a2f365f7c861f697bbeb21.js?body=1" for ::1 at 2015-06-22 19:26:48 -0300


Started GET "/assets/twitter/bootstrap.self-fbfa5ad7d9aa0afe439ec4ff3883acc4cb92b62cb67c40d674320c9aa1d4642d.js?body=1" for ::1 at 2015-06-22 19:26:48 -0300


Started GET "/assets/turbolinks.self-c37727e9bd6b2735da5c311aa83fead54ed0be6cc8bd9a65309e9c5abe2cbfff.js?body=1" for ::1 at 2015-06-22 19:26:48 -0300


Started GET "/assets/bootstrap.self-fdc98dee79ee88255e10cac6caa91338165cb76cf0d263744d8d90011fc2ef8f.js?body=1" for ::1 at 2015-06-22 19:26:48 -0300


Started GET "/assets/menuestatuto.self-0bb7d6c6f2d1ccfb9360e2c883d671872503faded85d536ab9a57d0af7733cd0.js?body=1" for ::1 at 2015-06-22 19:26:48 -0300


Started GET "/assets/presentation.self-877aef30ae1b040ab8a3aba4e3e309a11d7f2612f44dde450b5c157aa5f95c05.js?body=1" for ::1 at 2015-06-22 19:26:48 -0300


Started GET "/assets/application.self-16c207b3ca1b52afcfc7f4b662487caf1bbe084a6656bb15f693ab9de2d11be7.js?body=1" for ::1 at 2015-06-22 19:26:48 -0300


Started GET "/users/sign_up" for ::1 at 2015-06-22 19:27:01 -0300
Processing by Users::RegistrationsController#new as HTML
  Rendered presentation/_estatutos.html.erb (0.1ms)
  Rendered devise/registrations/new.html.erb within layouts/application (6.5ms)
  [1m[35m (0.2ms)[0m  SELECT COUNT(*) FROM `users`
  Rendered parsials/_navigation.html.erb (2.3ms)
  Rendered devise/shared/_links.html.erb (0.1ms)
  Rendered devise/sessions/_inicio_sesion.html.erb (2.7ms)
  Rendered parsials/_intranet.html.erb (3.8ms)
Completed 200 OK in 200ms (Views: 198.8ms | ActiveRecord: 0.2ms)


Started GET "/assets/bootstrap.self-48b6fc2f6c7175ba7730d917306201b082c7f9f4501d81d5167f59c58b12b32d.css?body=1" for ::1 at 2015-06-22 19:27:01 -0300


Started GET "/assets/twitter-bootstrap-static/bootstrap.self-77d963462a71b85aa6c39f0110994006fed4301154d937da52eb3884ff813853.css?body=1" for ::1 at 2015-06-22 19:27:01 -0300


Started GET "/assets/bootstrap_and_overrides.self-2cb3834583dfbaf0a39c7139750bf963e05d79cbe811126997e013400be5d8dc.css?body=1" for ::1 at 2015-06-22 19:27:01 -0300


Started GET "/assets/presentation.self-e3b0c44298fc1c149afbf4c8996fb92427ae41e4649b934ca495991b7852b855.css?body=1" for ::1 at 2015-06-22 19:27:01 -0300


Started GET "/assets/twitter-bootstrap-static/fontawesome.self-c1a8821f7eb1b195061d7706930814ecc6bd44db4c68f208da5fe14845fa11ea.css?body=1" for ::1 at 2015-06-22 19:27:01 -0300


Started GET "/assets/styles.self-94c16ca34638d97bc707bde5656870b28254a6b22917b27ecb5c3a59c9435eb8.css?body=1" for ::1 at 2015-06-22 19:27:01 -0300


Started GET "/assets/application.self-f9a1b152a84c79cb802c3085a3e4eb2ea6ed7763052e9b70b3567da42e657649.css?body=1" for ::1 at 2015-06-22 19:27:01 -0300


Started GET "/assets/jquery.self-d03a5518f45df77341bdbe6201ba3bfa547ebba8ed64f0ea56bfa5f96ea7c074.js?body=1" for ::1 at 2015-06-22 19:27:01 -0300


Started GET "/assets/jquery_ujs.self-8e98a7a072a6cee1372d19fff9ff3e6aa1e39a37d89d6f06861637d061113ee7.js?body=1" for ::1 at 2015-06-22 19:27:01 -0300


Started GET "/assets/twitter/bootstrap/transition.self-db278e3a8fa6249c16796b113ebd29e11ef4e2cd021618ed84895d524a4511e0.js?body=1" for ::1 at 2015-06-22 19:27:01 -0300


Started GET "/assets/twitter/bootstrap/alert.self-ebce91ec66c71bcee451ea7da9128fd1bf8faa02c6d22ea04c598423431e4c08.js?body=1" for ::1 at 2015-06-22 19:27:01 -0300


Started GET "/assets/twitter/bootstrap/modal.self-ab1767545e27c0dbd36971e656ae4927171f673e3d932cdec2cbef39e991952b.js?body=1" for ::1 at 2015-06-22 19:27:01 -0300


Started GET "/assets/twitter/bootstrap/dropdown.self-8bb9309b6c24a4ba6b94026a049d25b13bdc0553b6fe83255c14a715ba624cc4.js?body=1" for ::1 at 2015-06-22 19:27:01 -0300


Started GET "/assets/twitter/bootstrap/scrollspy.self-bd0c6724cdc75302fe98dfeff923112b76c1673cf4a0752a7050b7feea15594c.js?body=1" for ::1 at 2015-06-22 19:27:01 -0300


Started GET "/assets/twitter/bootstrap/tooltip.self-d7f9330825307d053f68da11bb9ddc9b070df72deef3d115f2f3d55f66b17457.js?body=1" for ::1 at 2015-06-22 19:27:01 -0300


Started GET "/assets/twitter/bootstrap/tab.self-7e3ee4a243bb416b5f0111a0be08f8547c5d72ba71fe4afe4a4a007f5cb4e10e.js?body=1" for ::1 at 2015-06-22 19:27:01 -0300


Started GET "/assets/twitter/bootstrap/popover.self-cd672ecad3b549e1dbd89bfd044e5812d6fdade56f42d48e3acee0c3f4614526.js?body=1" for ::1 at 2015-06-22 19:27:01 -0300


Started GET "/assets/twitter/bootstrap/button.self-ceb562de883e04359bb2c06f07bdf6ecf065cc8a5027e2e58857c5e91b0b68e3.js?body=1" for ::1 at 2015-06-22 19:27:01 -0300


Started GET "/assets/twitter/bootstrap/collapse.self-a87553101c955a01e2e8c81fad69a16582ddbf58fe95d5eb335dde5567af7647.js?body=1" for ::1 at 2015-06-22 19:27:01 -0300


Started GET "/assets/twitter/bootstrap/carousel.self-5d09995e01b647168888180d40e271f9a6759d68ae7ac029d7026af58813d376.js?body=1" for ::1 at 2015-06-22 19:27:01 -0300


Started GET "/assets/twitter/bootstrap/affix.self-14e04bbe71282aa039322ab93e3a3a886ddede5f59a2f365f7c861f697bbeb21.js?body=1" for ::1 at 2015-06-22 19:27:01 -0300


Started GET "/assets/twitter/bootstrap.self-fbfa5ad7d9aa0afe439ec4ff3883acc4cb92b62cb67c40d674320c9aa1d4642d.js?body=1" for ::1 at 2015-06-22 19:27:01 -0300


Started GET "/assets/turbolinks.self-c37727e9bd6b2735da5c311aa83fead54ed0be6cc8bd9a65309e9c5abe2cbfff.js?body=1" for ::1 at 2015-06-22 19:27:01 -0300


Started GET "/assets/bootstrap.self-fdc98dee79ee88255e10cac6caa91338165cb76cf0d263744d8d90011fc2ef8f.js?body=1" for ::1 at 2015-06-22 19:27:01 -0300


Started GET "/assets/menuestatuto.self-0bb7d6c6f2d1ccfb9360e2c883d671872503faded85d536ab9a57d0af7733cd0.js?body=1" for ::1 at 2015-06-22 19:27:01 -0300


Started GET "/assets/presentation.self-877aef30ae1b040ab8a3aba4e3e309a11d7f2612f44dde450b5c157aa5f95c05.js?body=1" for ::1 at 2015-06-22 19:27:01 -0300


Started GET "/assets/application.self-16c207b3ca1b52afcfc7f4b662487caf1bbe084a6656bb15f693ab9de2d11be7.js?body=1" for ::1 at 2015-06-22 19:27:02 -0300


Started GET "/users/sign_up" for ::1 at 2015-06-22 19:33:44 -0300
Processing by Users::RegistrationsController#new as HTML
  Rendered presentation/_estatutos.html.erb (0.1ms)
  Rendered devise/registrations/new.html.erb within layouts/application (8.5ms)
  [1m[36m (0.4ms)[0m  [1mSELECT COUNT(*) FROM `users`[0m
  Rendered parsials/_navigation.html.erb (2.9ms)
  Rendered devise/shared/_links.html.erb (0.2ms)
  Rendered devise/sessions/_inicio_sesion.html.erb (2.3ms)
  Rendered parsials/_intranet.html.erb (3.2ms)
Completed 200 OK in 250ms (Views: 221.5ms | ActiveRecord: 4.2ms)


Started GET "/assets/bootstrap.self-48b6fc2f6c7175ba7730d917306201b082c7f9f4501d81d5167f59c58b12b32d.css?body=1" for ::1 at 2015-06-22 19:33:44 -0300


Started GET "/assets/twitter-bootstrap-static/bootstrap.self-77d963462a71b85aa6c39f0110994006fed4301154d937da52eb3884ff813853.css?body=1" for ::1 at 2015-06-22 19:33:44 -0300


Started GET "/assets/presentation.self-e3b0c44298fc1c149afbf4c8996fb92427ae41e4649b934ca495991b7852b855.css?body=1" for ::1 at 2015-06-22 19:33:44 -0300


Started GET "/assets/bootstrap_and_overrides.self-2cb3834583dfbaf0a39c7139750bf963e05d79cbe811126997e013400be5d8dc.css?body=1" for ::1 at 2015-06-22 19:33:44 -0300


Started GET "/assets/twitter-bootstrap-static/fontawesome.self-c1a8821f7eb1b195061d7706930814ecc6bd44db4c68f208da5fe14845fa11ea.css?body=1" for ::1 at 2015-06-22 19:33:44 -0300


Started GET "/assets/styles.self-94c16ca34638d97bc707bde5656870b28254a6b22917b27ecb5c3a59c9435eb8.css?body=1" for ::1 at 2015-06-22 19:33:44 -0300


Started GET "/assets/application.self-f9a1b152a84c79cb802c3085a3e4eb2ea6ed7763052e9b70b3567da42e657649.css?body=1" for ::1 at 2015-06-22 19:33:44 -0300


Started GET "/assets/jquery.self-d03a5518f45df77341bdbe6201ba3bfa547ebba8ed64f0ea56bfa5f96ea7c074.js?body=1" for ::1 at 2015-06-22 19:33:44 -0300


Started GET "/assets/jquery_ujs.self-8e98a7a072a6cee1372d19fff9ff3e6aa1e39a37d89d6f06861637d061113ee7.js?body=1" for ::1 at 2015-06-22 19:33:44 -0300


Started GET "/assets/twitter/bootstrap/transition.self-db278e3a8fa6249c16796b113ebd29e11ef4e2cd021618ed84895d524a4511e0.js?body=1" for ::1 at 2015-06-22 19:33:44 -0300


Started GET "/assets/twitter/bootstrap/modal.self-ab1767545e27c0dbd36971e656ae4927171f673e3d932cdec2cbef39e991952b.js?body=1" for ::1 at 2015-06-22 19:33:44 -0300


Started GET "/assets/twitter/bootstrap/alert.self-ebce91ec66c71bcee451ea7da9128fd1bf8faa02c6d22ea04c598423431e4c08.js?body=1" for ::1 at 2015-06-22 19:33:44 -0300


Started GET "/assets/twitter/bootstrap/dropdown.self-8bb9309b6c24a4ba6b94026a049d25b13bdc0553b6fe83255c14a715ba624cc4.js?body=1" for ::1 at 2015-06-22 19:33:44 -0300


Started GET "/assets/twitter/bootstrap/scrollspy.self-bd0c6724cdc75302fe98dfeff923112b76c1673cf4a0752a7050b7feea15594c.js?body=1" for ::1 at 2015-06-22 19:33:44 -0300


Started GET "/assets/twitter/bootstrap/tab.self-7e3ee4a243bb416b5f0111a0be08f8547c5d72ba71fe4afe4a4a007f5cb4e10e.js?body=1" for ::1 at 2015-06-22 19:33:44 -0300


Started GET "/assets/twitter/bootstrap/tooltip.self-d7f9330825307d053f68da11bb9ddc9b070df72deef3d115f2f3d55f66b17457.js?body=1" for ::1 at 2015-06-22 19:33:44 -0300


Started GET "/assets/twitter/bootstrap/popover.self-cd672ecad3b549e1dbd89bfd044e5812d6fdade56f42d48e3acee0c3f4614526.js?body=1" for ::1 at 2015-06-22 19:33:44 -0300


Started GET "/assets/twitter/bootstrap/button.self-ceb562de883e04359bb2c06f07bdf6ecf065cc8a5027e2e58857c5e91b0b68e3.js?body=1" for ::1 at 2015-06-22 19:33:44 -0300


Started GET "/assets/twitter/bootstrap/collapse.self-a87553101c955a01e2e8c81fad69a16582ddbf58fe95d5eb335dde5567af7647.js?body=1" for ::1 at 2015-06-22 19:33:44 -0300


Started GET "/assets/twitter/bootstrap/affix.self-14e04bbe71282aa039322ab93e3a3a886ddede5f59a2f365f7c861f697bbeb21.js?body=1" for ::1 at 2015-06-22 19:33:44 -0300


Started GET "/assets/twitter/bootstrap/carousel.self-5d09995e01b647168888180d40e271f9a6759d68ae7ac029d7026af58813d376.js?body=1" for ::1 at 2015-06-22 19:33:44 -0300


Started GET "/assets/twitter/bootstrap.self-fbfa5ad7d9aa0afe439ec4ff3883acc4cb92b62cb67c40d674320c9aa1d4642d.js?body=1" for ::1 at 2015-06-22 19:33:44 -0300


Started GET "/assets/turbolinks.self-c37727e9bd6b2735da5c311aa83fead54ed0be6cc8bd9a65309e9c5abe2cbfff.js?body=1" for ::1 at 2015-06-22 19:33:44 -0300


Started GET "/assets/bootstrap.self-fdc98dee79ee88255e10cac6caa91338165cb76cf0d263744d8d90011fc2ef8f.js?body=1" for ::1 at 2015-06-22 19:33:44 -0300


Started GET "/assets/menuestatuto.self-0bb7d6c6f2d1ccfb9360e2c883d671872503faded85d536ab9a57d0af7733cd0.js?body=1" for ::1 at 2015-06-22 19:33:44 -0300


Started GET "/assets/presentation.self-877aef30ae1b040ab8a3aba4e3e309a11d7f2612f44dde450b5c157aa5f95c05.js?body=1" for ::1 at 2015-06-22 19:33:44 -0300


Started GET "/assets/application.self-16c207b3ca1b52afcfc7f4b662487caf1bbe084a6656bb15f693ab9de2d11be7.js?body=1" for ::1 at 2015-06-22 19:33:44 -0300


Started POST "/users" for ::1 at 2015-06-22 19:34:57 -0300
Processing by Users::RegistrationsController#create as HTML
  Parameters: {"utf8"=>"✓", "authenticity_token"=>"Bk/Mv8g7T8tWbHiYTGY2J8ulKB1oM1H2cLecI6TK6Jb+BRy1MtB3pZyl4+PYlH0PJ90QCmptF1ecFKOBciBbyw==", "user"=>{"name"=>"Pachita", "last_name"=>"Pachiiiita", "email"=>"pachita123@gmail.com", "password"=>"[FILTERED]", "password_confirmation"=>"[FILTERED]", "category_id"=>"1", "autorization_level"=>"1"}, "commit"=>"Acepto y Enviar Fomulario"}
  [1m[35m (0.2ms)[0m  BEGIN
  [1m[36mUser Exists (0.8ms)[0m  [1mSELECT  1 AS one FROM `users` WHERE `users`.`email` = BINARY 'pachita123@gmail.com' LIMIT 1[0m
  [1m[35mSQL (0.4ms)[0m  INSERT INTO `users` (`email`, `encrypted_password`, `name`, `last_name`, `category_id`, `autorization_level`, `created_at`, `updated_at`) VALUES ('pachita123@gmail.com', '$2a$10$hPs3ZKtg/3fsifxKE8NEm.mr/fwOJwxKIN6XN8G4lHLS8ze7XdeKO', 'Pachita', 'Pachiiiita', 1, '1', '2015-06-22 22:34:57', '2015-06-22 22:34:57')
  [1m[36m (42.9ms)[0m  [1mCOMMIT[0m
  [1m[35m (0.3ms)[0m  BEGIN
  [1m[36mSQL (11.3ms)[0m  [1mUPDATE `users` SET `last_sign_in_at` = '2015-06-22 22:34:57', `current_sign_in_at` = '2015-06-22 22:34:57', `last_sign_in_ip` = '::1', `current_sign_in_ip` = '::1', `sign_in_count` = 1, `updated_at` = '2015-06-22 22:34:57' WHERE `users`.`id` = 15[0m
  [1m[35m (42.7ms)[0m  COMMIT
Redirected to http://localhost:3000/
Completed 302 Found in 454ms (ActiveRecord: 98.5ms)


Started GET "/" for ::1 at 2015-06-22 19:34:57 -0300
  [1m[36mUser Load (0.9ms)[0m  [1mSELECT  `users`.* FROM `users` WHERE `users`.`id` = 15  ORDER BY `users`.`id` ASC LIMIT 1[0m
Processing by PresentationController#index as HTML
  [1m[35mSection Load (0.3ms)[0m  SELECT `sections`.* FROM `sections`
  Rendered presentation/index.html.erb within layouts/application (9.8ms)
  [1m[36m (0.5ms)[0m  [1mSELECT COUNT(*) FROM `users`[0m
  Rendered parsials/_navigation.html.erb (2.7ms)
  Rendered parsials/_intranet.html.erb (0.5ms)
Completed 200 OK in 200ms (Views: 191.4ms | ActiveRecord: 2.0ms)
  [1m[36mUser Load (0.9ms)[0m  [1mSELECT  `users`.* FROM `users`  ORDER BY `users`.`id` DESC LIMIT 1[0m
  [1m[36mActiveRecord::SchemaMigration Load (0.4ms)[0m  [1mSELECT `schema_migrations`.* FROM `schema_migrations`[0m
  [1m[35mActiveRecord::SchemaMigration Load (0.5ms)[0m  SELECT `schema_migrations`.* FROM `schema_migrations`
Migrating to CreateSections (20150622173536)
  [1m[36m (50.7ms)[0m  [1mDROP TABLE `sections`[0m
  [1m[35mSQL (47.0ms)[0m  DELETE FROM `schema_migrations` WHERE `schema_migrations`.`version` = '20150622173536'
Migrating to CreateMessageUser (20150418124239)
  [1m[36m (57.9ms)[0m  [1mDROP TABLE `messages_users`[0m
  [1m[35mSQL (43.1ms)[0m  DELETE FROM `schema_migrations` WHERE `schema_migrations`.`version` = '20150418124239'
Migrating to CreateServiceOfferings (20150418063359)
  [1m[36m (53.9ms)[0m  [1mDROP TABLE `service_offerings`[0m
  [1m[35mSQL (32.2ms)[0m  DELETE FROM `schema_migrations` WHERE `schema_migrations`.`version` = '20150418063359'
Migrating to CreateMessages (20150418063341)
  [1m[36m (55.3ms)[0m  [1mDROP TABLE `messages`[0m
  [1m[35mSQL (41.8ms)[0m  DELETE FROM `schema_migrations` WHERE `schema_migrations`.`version` = '20150418063341'
Migrating to CreateCategories (20150418063334)
  [1m[36m (43.2ms)[0m  [1mDROP TABLE `categories`[0m
  [1m[35mSQL (31.7ms)[0m  DELETE FROM `schema_migrations` WHERE `schema_migrations`.`version` = '20150418063334'
Migrating to CreateInstitutions (20150418063328)
  [1m[36m (43.0ms)[0m  [1mDROP TABLE `institutions`[0m
  [1m[35mSQL (32.0ms)[0m  DELETE FROM `schema_migrations` WHERE `schema_migrations`.`version` = '20150418063328'
Migrating to CreateMeetings (20150418063318)
  [1m[36m (42.9ms)[0m  [1mDROP TABLE `meetings`[0m
  [1m[35mSQL (43.1ms)[0m  DELETE FROM `schema_migrations` WHERE `schema_migrations`.`version` = '20150418063318'
Migrating to CreateEvents (20150418063313)
  [1m[36m (42.8ms)[0m  [1mDROP TABLE `events`[0m
  [1m[35mSQL (43.3ms)[0m  DELETE FROM `schema_migrations` WHERE `schema_migrations`.`version` = '20150418063313'
Migrating to CreateCommunities (20150418063307)
  [1m[36m (42.6ms)[0m  [1mDROP TABLE `communities`[0m
  [1m[35mSQL (43.4ms)[0m  DELETE FROM `schema_migrations` WHERE `schema_migrations`.`version` = '20150418063307'
Migrating to CreateAreas (20150418063301)
  [1m[36m (43.3ms)[0m  [1mDROP TABLE `areas`[0m
  [1m[35mSQL (43.1ms)[0m  DELETE FROM `schema_migrations` WHERE `schema_migrations`.`version` = '20150418063301'
Migrating to CreateExperiences (20150418063256)
  [1m[36m (43.1ms)[0m  [1mDROP TABLE `experiences`[0m
  [1m[35mSQL (43.2ms)[0m  DELETE FROM `schema_migrations` WHERE `schema_migrations`.`version` = '20150418063256'
Migrating to CreateComments (20150418063230)
  [1m[36m (42.9ms)[0m  [1mDROP TABLE `comments`[0m
  [1m[35mSQL (45.1ms)[0m  DELETE FROM `schema_migrations` WHERE `schema_migrations`.`version` = '20150418063230'
Migrating to DeviseCreateUsers (20150418041836)
  [1m[36m (119.9ms)[0m  [1mDROP INDEX `index_users_on_reset_password_token` ON `users`[0m
  [1m[35m (132.6ms)[0m  DROP INDEX `index_users_on_email` ON `users`
  [1m[36m (33.1ms)[0m  [1mDROP TABLE `users`[0m
  [1m[35mSQL (32.0ms)[0m  DELETE FROM `schema_migrations` WHERE `schema_migrations`.`version` = '20150418041836'
Migrating to CreateRequests (20150418030117)
  [1m[36m (42.6ms)[0m  [1mDROP TABLE `requests`[0m
  [1m[35mSQL (32.0ms)[0m  DELETE FROM `schema_migrations` WHERE `schema_migrations`.`version` = '20150418030117'
  [1m[36mActiveRecord::SchemaMigration Load (0.7ms)[0m  [1mSELECT `schema_migrations`.* FROM `schema_migrations`[0m
  [1m[36mActiveRecord::SchemaMigration Load (0.2ms)[0m  [1mSELECT `schema_migrations`.* FROM `schema_migrations`[0m
Migrating to CreateRequests (20150418030117)
DEPRECATION WARNING: `#timestamp` was called without specifying an option for `null`. In Rails 5, this behavior will change to `null: false`. You should manually specify `null: true` to prevent the behavior of your existing migrations from changing. (called from block in change at /home/pachi/Escritorio/rease/db/migrate/20150418030117_create_requests.rb:11)
  [1m[35m (121.6ms)[0m  CREATE TABLE `requests` (`id` int(11) auto_increment PRIMARY KEY, `title` varchar(255), `description` text, `user_id` int(11), `experience_id` int(11), `community_id` int(11), `area_id` int(11), `created_at` datetime, `updated_at` datetime) ENGINE=InnoDB
  [1m[36m (0.3ms)[0m  [1mBEGIN[0m
  [1m[35mSQL (0.3ms)[0m  INSERT INTO `schema_migrations` (`version`) VALUES ('20150418030117')
  [1m[36m (41.4ms)[0m  [1mCOMMIT[0m
Migrating to DeviseCreateUsers (20150418041836)
DEPRECATION WARNING: `#timestamp` was called without specifying an option for `null`. In Rails 5, this behavior will change to `null: false`. You should manually specify `null: true` to prevent the behavior of your existing migrations from changing. (called from block in change at /home/pachi/Escritorio/rease/db/migrate/20150418041836_devise_create_users.rb:42)
  [1m[35m (85.0ms)[0m  CREATE TABLE `users` (`id` int(11) auto_increment PRIMARY KEY, `email` varchar(255) DEFAULT '' NOT NULL, `encrypted_password` varchar(255) DEFAULT '' NOT NULL, `reset_password_token` varchar(255), `reset_password_sent_at` datetime, `remember_created_at` datetime, `sign_in_count` int(11) DEFAULT 0 NOT NULL, `current_sign_in_at` datetime, `last_sign_in_at` datetime, `current_sign_in_ip` varchar(255), `last_sign_in_ip` varchar(255), `institution_id` int(11), `category_id` int(11), `confirmation_token` varchar(255), `confirmed_at` datetime, `confirmation_sent_at` datetime, `unconfirmed_email` varchar(255), `name` varchar(255), `last_name` varchar(255), `autorization_level` int(11), `created_at` datetime, `updated_at` datetime) ENGINE=InnoDB
  [1m[36m (199.2ms)[0m  [1mCREATE UNIQUE INDEX `index_users_on_email`  ON `users` (`email`) [0m
  [1m[35m (177.9ms)[0m  CREATE UNIQUE INDEX `index_users_on_reset_password_token`  ON `users` (`reset_password_token`) 
  [1m[36m (0.4ms)[0m  [1mBEGIN[0m
  [1m[35mSQL (0.7ms)[0m  INSERT INTO `schema_migrations` (`version`) VALUES ('20150418041836')
  [1m[36m (29.5ms)[0m  [1mCOMMIT[0m
Migrating to CreateComments (20150418063230)
DEPRECATION WARNING: `#timestamp` was called without specifying an option for `null`. In Rails 5, this behavior will change to `null: false`. You should manually specify `null: true` to prevent the behavior of your existing migrations from changing. (called from block in change at /home/pachi/Escritorio/rease/db/migrate/20150418063230_create_comments.rb:5)
  [1m[35m (91.1ms)[0m  CREATE TABLE `comments` (`id` int(11) auto_increment PRIMARY KEY, `text` text, `created_at` datetime, `updated_at` datetime, `user_id` int(11), `request_id` int(11), `service_offering_id` int(11)) ENGINE=InnoDB
  [1m[36m (0.4ms)[0m  [1mBEGIN[0m
  [1m[35mSQL (0.7ms)[0m  INSERT INTO `schema_migrations` (`version`) VALUES ('20150418063230')
  [1m[36m (40.6ms)[0m  [1mCOMMIT[0m
Migrating to CreateExperiences (20150418063256)
DEPRECATION WARNING: `#timestamp` was called without specifying an option for `null`. In Rails 5, this behavior will change to `null: false`. You should manually specify `null: true` to prevent the behavior of your existing migrations from changing. (called from block in change at /home/pachi/Escritorio/rease/db/migrate/20150418063256_create_experiences.rb:6)
  [1m[35m (97.9ms)[0m  CREATE TABLE `experiences` (`id` int(11) auto_increment PRIMARY KEY, `tittle` varchar(255), `description` text, `created_at` datetime, `updated_at` datetime, `user_id` int(11), `request_id` int(11), `service_offering_id` int(11)) ENGINE=InnoDB
  [1m[36m (0.4ms)[0m  [1mBEGIN[0m
  [1m[35mSQL (0.7ms)[0m  INSERT INTO `schema_migrations` (`version`) VALUES ('20150418063256')
  [1m[36m (40.6ms)[0m  [1mCOMMIT[0m
Migrating to CreateAreas (20150418063301)
  [1m[35m (98.2ms)[0m  CREATE TABLE `areas` (`id` int(11) auto_increment PRIMARY KEY, `description` varchar(255)) ENGINE=InnoDB
  [1m[36m (0.3ms)[0m  [1mBEGIN[0m
  [1m[35mSQL (0.6ms)[0m  INSERT INTO `schema_migrations` (`version`) VALUES ('20150418063301')
  [1m[36m (41.2ms)[0m  [1mCOMMIT[0m
Migrating to CreateCommunities (20150418063307)
  [1m[35m (99.0ms)[0m  CREATE TABLE `communities` (`id` int(11) auto_increment PRIMARY KEY, `request_id` int(11), `services_offering_id` int(11)) ENGINE=InnoDB
  [1m[36m (0.4ms)[0m  [1mBEGIN[0m
  [1m[35mSQL (0.7ms)[0m  INSERT INTO `schema_migrations` (`version`) VALUES ('20150418063307')
  [1m[36m (62.9ms)[0m  [1mCOMMIT[0m
Migrating to CreateEvents (20150418063313)
DEPRECATION WARNING: `#timestamp` was called without specifying an option for `null`. In Rails 5, this behavior will change to `null: false`. You should manually specify `null: true` to prevent the behavior of your existing migrations from changing. (called from block in change at /home/pachi/Escritorio/rease/db/migrate/20150418063313_create_events.rb:8)
  [1m[35m (108.9ms)[0m  CREATE TABLE `events` (`id` int(11) auto_increment PRIMARY KEY, `user_id` int(11), `title` varchar(255), `description` text, `adress` text, `created_at` datetime, `updated_at` datetime) ENGINE=InnoDB
  [1m[36m (0.5ms)[0m  [1mBEGIN[0m
  [1m[35mSQL (0.7ms)[0m  INSERT INTO `schema_migrations` (`version`) VALUES ('20150418063313')
  [1m[36m (40.4ms)[0m  [1mCOMMIT[0m
Migrating to CreateMeetings (20150418063318)
DEPRECATION WARNING: `#timestamp` was called without specifying an option for `null`. In Rails 5, this behavior will change to `null: false`. You should manually specify `null: true` to prevent the behavior of your existing migrations from changing. (called from block in change at /home/pachi/Escritorio/rease/db/migrate/20150418063318_create_meetings.rb:7)
  [1m[35m (109.0ms)[0m  CREATE TABLE `meetings` (`id` int(11) auto_increment PRIMARY KEY, `title` varchar(255), `description` text, `adress` text, `created_at` datetime, `updated_at` datetime, `user_id` int(11)) ENGINE=InnoDB
  [1m[36m (0.5ms)[0m  [1mBEGIN[0m
  [1m[35mSQL (0.7ms)[0m  INSERT INTO `schema_migrations` (`version`) VALUES ('20150418063318')
  [1m[36m (40.4ms)[0m  [1mCOMMIT[0m
Migrating to CreateInstitutions (20150418063328)
  [1m[35m (109.6ms)[0m  CREATE TABLE `institutions` (`id` int(11) auto_increment PRIMARY KEY, `description` text) ENGINE=InnoDB
  [1m[36m (0.5ms)[0m  [1mBEGIN[0m
  [1m[35mSQL (0.6ms)[0m  INSERT INTO `schema_migrations` (`version`) VALUES ('20150418063328')
  [1m[36m (41.0ms)[0m  [1mCOMMIT[0m
Migrating to CreateCategories (20150418063334)
  [1m[35m (110.0ms)[0m  CREATE TABLE `categories` (`id` int(11) auto_increment PRIMARY KEY, `description` text) ENGINE=InnoDB
  [1m[36m (0.3ms)[0m  [1mBEGIN[0m
  [1m[35mSQL (0.5ms)[0m  INSERT INTO `schema_migrations` (`version`) VALUES ('20150418063334')
  [1m[36m (41.2ms)[0m  [1mCOMMIT[0m
Migrating to CreateMessages (20150418063341)
DEPRECATION WARNING: `#timestamp` was called without specifying an option for `null`. In Rails 5, this behavior will change to `null: false`. You should manually specify `null: true` to prevent the behavior of your existing migrations from changing. (called from block in change at /home/pachi/Escritorio/rease/db/migrate/20150418063341_create_messages.rb:6)
  [1m[35m (109.4ms)[0m  CREATE TABLE `messages` (`id` int(11) auto_increment PRIMARY KEY, `matters` varchar(255), `text` text, `created_at` datetime, `updated_at` datetime, `user_id` int(11)) ENGINE=InnoDB
  [1m[36m (0.4ms)[0m  [1mBEGIN[0m
  [1m[35mSQL (0.7ms)[0m  INSERT INTO `schema_migrations` (`version`) VALUES ('20150418063341')
  [1m[36m (40.5ms)[0m  [1mCOMMIT[0m
Migrating to CreateServiceOfferings (20150418063359)
DEPRECATION WARNING: `#timestamp` was called without specifying an option for `null`. In Rails 5, this behavior will change to `null: false`. You should manually specify `null: true` to prevent the behavior of your existing migrations from changing. (called from block in change at /home/pachi/Escritorio/rease/db/migrate/20150418063359_create_service_offerings.rb:11)
  [1m[35m (88.8ms)[0m  CREATE TABLE `service_offerings` (`id` int(11) auto_increment PRIMARY KEY, `titlle` varchar(255), `description` text, `date` date, `user_id` int(11), `experience_id` int(11), `area_id` int(11), `community_id` int(11), `created_at` datetime, `updated_at` datetime) ENGINE=InnoDB
  [1m[36m (0.4ms)[0m  [1mBEGIN[0m
  [1m[35mSQL (0.7ms)[0m  INSERT INTO `schema_migrations` (`version`) VALUES ('20150418063359')
  [1m[36m (40.2ms)[0m  [1mCOMMIT[0m
Migrating to CreateMessageUser (20150418124239)
DEPRECATION WARNING: `#timestamp` was called without specifying an option for `null`. In Rails 5, this behavior will change to `null: false`. You should manually specify `null: true` to prevent the behavior of your existing migrations from changing. (called from block in change at /home/pachi/Escritorio/rease/db/migrate/20150418124239_create_message_user.rb:6)
  [1m[35m (95.5ms)[0m  CREATE TABLE `messages_users` (`id` int(11) auto_increment PRIMARY KEY, `message_id` int(11), `user_id` int(11), `created_at` datetime, `updated_at` datetime,  INDEX `index_messages_users_on_message_id`  (`message_id`) ,  INDEX `index_messages_users_on_user_id`  (`user_id`) ) ENGINE=InnoDB
  [1m[36m (0.5ms)[0m  [1mBEGIN[0m
  [1m[35mSQL (0.7ms)[0m  INSERT INTO `schema_migrations` (`version`) VALUES ('20150418124239')
  [1m[36m (40.5ms)[0m  [1mCOMMIT[0m
Migrating to CreateSections (20150622173536)
DEPRECATION WARNING: `#timestamp` was called without specifying an option for `null`. In Rails 5, this behavior will change to `null: false`. You should manually specify `null: true` to prevent the behavior of your existing migrations from changing. (called from block in change at /home/pachi/Escritorio/rease/db/migrate/20150622173536_create_sections.rb:7)
  [1m[35m (97.9ms)[0m  CREATE TABLE `sections` (`id` int(11) auto_increment PRIMARY KEY, `title` varchar(255), `order` varchar(255), `body` text, `created_at` datetime, `updated_at` datetime) ENGINE=InnoDB
  [1m[36m (0.4ms)[0m  [1mBEGIN[0m
  [1m[35mSQL (0.6ms)[0m  INSERT INTO `schema_migrations` (`version`) VALUES ('20150622173536')
  [1m[36m (40.3ms)[0m  [1mCOMMIT[0m
  [1m[35mActiveRecord::SchemaMigration Load (0.3ms)[0m  SELECT `schema_migrations`.* FROM `schema_migrations`
  [1m[36m (1.1ms)[0m  [1mSELECT fk.referenced_table_name as 'to_table'
      ,fk.referenced_column_name as 'primary_key'
      ,fk.column_name as 'column'
      ,fk.constraint_name as 'name'
FROM information_schema.key_column_usage fk
WHERE fk.referenced_column_name is not null
  AND fk.table_schema = 'rease_development'
  AND fk.table_name = 'areas'
[0m
  [1m[35m (0.4ms)[0m  SHOW CREATE TABLE `areas`
  [1m[36m (0.6ms)[0m  [1mSELECT fk.referenced_table_name as 'to_table'
      ,fk.referenced_column_name as 'primary_key'
      ,fk.column_name as 'column'
      ,fk.constraint_name as 'name'
FROM information_schema.key_column_usage fk
WHERE fk.referenced_column_name is not null
  AND fk.table_schema = 'rease_development'
  AND fk.table_name = 'categories'
[0m
  [1m[35m (0.3ms)[0m  SHOW CREATE TABLE `categories`
  [1m[36m (0.5ms)[0m  [1mSELECT fk.referenced_table_name as 'to_table'
      ,fk.referenced_column_name as 'primary_key'
      ,fk.column_name as 'column'
      ,fk.constraint_name as 'name'
FROM information_schema.key_column_usage fk
WHERE fk.referenced_column_name is not null
  AND fk.table_schema = 'rease_development'
  AND fk.table_name = 'comments'
[0m
  [1m[35m (0.2ms)[0m  SHOW CREATE TABLE `comments`
  [1m[36m (0.5ms)[0m  [1mSELECT fk.referenced_table_name as 'to_table'
      ,fk.referenced_column_name as 'primary_key'
      ,fk.column_name as 'column'
      ,fk.constraint_name as 'name'
FROM information_schema.key_column_usage fk
WHERE fk.referenced_column_name is not null
  AND fk.table_schema = 'rease_development'
  AND fk.table_name = 'communities'
[0m
  [1m[35m (0.2ms)[0m  SHOW CREATE TABLE `communities`
  [1m[36m (0.6ms)[0m  [1mSELECT fk.referenced_table_name as 'to_table'
      ,fk.referenced_column_name as 'primary_key'
      ,fk.column_name as 'column'
      ,fk.constraint_name as 'name'
FROM information_schema.key_column_usage fk
WHERE fk.referenced_column_name is not null
  AND fk.table_schema = 'rease_development'
  AND fk.table_name = 'events'
[0m
  [1m[35m (0.2ms)[0m  SHOW CREATE TABLE `events`
  [1m[36m (0.4ms)[0m  [1mSELECT fk.referenced_table_name as 'to_table'
      ,fk.referenced_column_name as 'primary_key'
      ,fk.column_name as 'column'
      ,fk.constraint_name as 'name'
FROM information_schema.key_column_usage fk
WHERE fk.referenced_column_name is not null
  AND fk.table_schema = 'rease_development'
  AND fk.table_name = 'experiences'
[0m
  [1m[35m (0.2ms)[0m  SHOW CREATE TABLE `experiences`
  [1m[36m (0.3ms)[0m  [1mSELECT fk.referenced_table_name as 'to_table'
      ,fk.referenced_column_name as 'primary_key'
      ,fk.column_name as 'column'
      ,fk.constraint_name as 'name'
FROM information_schema.key_column_usage fk
WHERE fk.referenced_column_name is not null
  AND fk.table_schema = 'rease_development'
  AND fk.table_name = 'institutions'
[0m
  [1m[35m (0.2ms)[0m  SHOW CREATE TABLE `institutions`
  [1m[36m (0.5ms)[0m  [1mSELECT fk.referenced_table_name as 'to_table'
      ,fk.referenced_column_name as 'primary_key'
      ,fk.column_name as 'column'
      ,fk.constraint_name as 'name'
FROM information_schema.key_column_usage fk
WHERE fk.referenced_column_name is not null
  AND fk.table_schema = 'rease_development'
  AND fk.table_name = 'meetings'
[0m
  [1m[35m (0.2ms)[0m  SHOW CREATE TABLE `meetings`
  [1m[36m (0.4ms)[0m  [1mSELECT fk.referenced_table_name as 'to_table'
      ,fk.referenced_column_name as 'primary_key'
      ,fk.column_name as 'column'
      ,fk.constraint_name as 'name'
FROM information_schema.key_column_usage fk
WHERE fk.referenced_column_name is not null
  AND fk.table_schema = 'rease_development'
  AND fk.table_name = 'messages'
[0m
  [1m[35m (0.2ms)[0m  SHOW CREATE TABLE `messages`
  [1m[36m (0.4ms)[0m  [1mSELECT fk.referenced_table_name as 'to_table'
      ,fk.referenced_column_name as 'primary_key'
      ,fk.column_name as 'column'
      ,fk.constraint_name as 'name'
FROM information_schema.key_column_usage fk
WHERE fk.referenced_column_name is not null
  AND fk.table_schema = 'rease_development'
  AND fk.table_name = 'messages_users'
[0m
  [1m[35m (0.2ms)[0m  SHOW CREATE TABLE `messages_users`
  [1m[36m (0.4ms)[0m  [1mSELECT fk.referenced_table_name as 'to_table'
      ,fk.referenced_column_name as 'primary_key'
      ,fk.column_name as 'column'
      ,fk.constraint_name as 'name'
FROM information_schema.key_column_usage fk
WHERE fk.referenced_column_name is not null
  AND fk.table_schema = 'rease_development'
  AND fk.table_name = 'requests'
[0m
  [1m[35m (0.2ms)[0m  SHOW CREATE TABLE `requests`
  [1m[36m (0.4ms)[0m  [1mSELECT fk.referenced_table_name as 'to_table'
      ,fk.referenced_column_name as 'primary_key'
      ,fk.column_name as 'column'
      ,fk.constraint_name as 'name'
FROM information_schema.key_column_usage fk
WHERE fk.referenced_column_name is not null
  AND fk.table_schema = 'rease_development'
  AND fk.table_name = 'sections'
[0m
  [1m[35m (0.2ms)[0m  SHOW CREATE TABLE `sections`
  [1m[36m (0.5ms)[0m  [1mSELECT fk.referenced_table_name as 'to_table'
      ,fk.referenced_column_name as 'primary_key'
      ,fk.column_name as 'column'
      ,fk.constraint_name as 'name'
FROM information_schema.key_column_usage fk
WHERE fk.referenced_column_name is not null
  AND fk.table_schema = 'rease_development'
  AND fk.table_name = 'service_offerings'
[0m
  [1m[35m (0.2ms)[0m  SHOW CREATE TABLE `service_offerings`
  [1m[36m (0.4ms)[0m  [1mSELECT fk.referenced_table_name as 'to_table'
      ,fk.referenced_column_name as 'primary_key'
      ,fk.column_name as 'column'
      ,fk.constraint_name as 'name'
FROM information_schema.key_column_usage fk
WHERE fk.referenced_column_name is not null
  AND fk.table_schema = 'rease_development'
  AND fk.table_name = 'users'
[0m
  [1m[35m (0.2ms)[0m  SHOW CREATE TABLE `users`
  [1m[36m (0.3ms)[0m  [1mBEGIN[0m
  [1m[35mSQL (0.9ms)[0m  INSERT INTO `categories` (`description`) VALUES ('Administrador')
  [1m[36m (40.9ms)[0m  [1mCOMMIT[0m
  [1m[35m (0.5ms)[0m  BEGIN
  [1m[36mSQL (0.6ms)[0m  [1mINSERT INTO `categories` (`description`) VALUES ('Docente')[0m
  [1m[35m (47.7ms)[0m  COMMIT
  [1m[36m (0.5ms)[0m  [1mBEGIN[0m
  [1m[35mSQL (0.8ms)[0m  INSERT INTO `categories` (`description`) VALUES ('Docente')
  [1m[36m (53.7ms)[0m  [1mCOMMIT[0m
  [1m[35m (0.4ms)[0m  BEGIN
  [1m[36mSQL (0.8ms)[0m  [1mINSERT INTO `categories` (`description`) VALUES ('Vinculador social')[0m
  [1m[35m (51.7ms)[0m  COMMIT
  [1m[36mCategory Load (1.0ms)[0m  [1mSELECT `categories`.* FROM `categories`[0m
  [1m[36mActiveRecord::SchemaMigration Load (0.4ms)[0m  [1mSELECT `schema_migrations`.* FROM `schema_migrations`[0m
  [1m[35mActiveRecord::SchemaMigration Load (0.5ms)[0m  SELECT `schema_migrations`.* FROM `schema_migrations`
Migrating to CreateSections (20150622173536)
  [1m[36m (72.6ms)[0m  [1mDROP TABLE `sections`[0m
  [1m[35mSQL (35.0ms)[0m  DELETE FROM `schema_migrations` WHERE `schema_migrations`.`version` = '20150622173536'
Migrating to CreateMessageUser (20150418124239)
  [1m[36m (43.4ms)[0m  [1mDROP TABLE `messages_users`[0m
  [1m[35mSQL (34.0ms)[0m  DELETE FROM `schema_migrations` WHERE `schema_migrations`.`version` = '20150418124239'
Migrating to CreateServiceOfferings (20150418063359)
  [1m[36m (43.2ms)[0m  [1mDROP TABLE `service_offerings`[0m
  [1m[35mSQL (43.2ms)[0m  DELETE FROM `schema_migrations` WHERE `schema_migrations`.`version` = '20150418063359'
Migrating to CreateMessages (20150418063341)
  [1m[36m (43.2ms)[0m  [1mDROP TABLE `messages`[0m
  [1m[35mSQL (43.2ms)[0m  DELETE FROM `schema_migrations` WHERE `schema_migrations`.`version` = '20150418063341'
Migrating to CreateCategories (20150418063334)
  [1m[36m (43.2ms)[0m  [1mDROP TABLE `categories`[0m
  [1m[35mSQL (32.2ms)[0m  DELETE FROM `schema_migrations` WHERE `schema_migrations`.`version` = '20150418063334'
Migrating to CreateInstitutions (20150418063328)
  [1m[36m (32.6ms)[0m  [1mDROP TABLE `institutions`[0m
  [1m[35mSQL (32.0ms)[0m  DELETE FROM `schema_migrations` WHERE `schema_migrations`.`version` = '20150418063328'
Migrating to CreateMeetings (20150418063318)
  [1m[36m (31.9ms)[0m  [1mDROP TABLE `meetings`[0m
  [1m[35mSQL (32.2ms)[0m  DELETE FROM `schema_migrations` WHERE `schema_migrations`.`version` = '20150418063318'
Migrating to CreateEvents (20150418063313)
  [1m[36m (31.7ms)[0m  [1mDROP TABLE `events`[0m
  [1m[35mSQL (32.1ms)[0m  DELETE FROM `schema_migrations` WHERE `schema_migrations`.`version` = '20150418063313'
Migrating to CreateCommunities (20150418063307)
  [1m[36m (43.2ms)[0m  [1mDROP TABLE `communities`[0m
  [1m[35mSQL (43.1ms)[0m  DELETE FROM `schema_migrations` WHERE `schema_migrations`.`version` = '20150418063307'
Migrating to CreateAreas (20150418063301)
  [1m[36m (43.7ms)[0m  [1mDROP TABLE `areas`[0m
  [1m[35mSQL (43.1ms)[0m  DELETE FROM `schema_migrations` WHERE `schema_migrations`.`version` = '20150418063301'
Migrating to CreateExperiences (20150418063256)
  [1m[36m (43.1ms)[0m  [1mDROP TABLE `experiences`[0m
  [1m[35mSQL (43.3ms)[0m  DELETE FROM `schema_migrations` WHERE `schema_migrations`.`version` = '20150418063256'
Migrating to CreateComments (20150418063230)
  [1m[36m (43.3ms)[0m  [1mDROP TABLE `comments`[0m
  [1m[35mSQL (43.4ms)[0m  DELETE FROM `schema_migrations` WHERE `schema_migrations`.`version` = '20150418063230'
Migrating to DeviseCreateUsers (20150418041836)
  [1m[36m (153.2ms)[0m  [1mDROP INDEX `index_users_on_reset_password_token` ON `users`[0m
  [1m[35m (143.2ms)[0m  DROP INDEX `index_users_on_email` ON `users`
  [1m[36m (46.1ms)[0m  [1mDROP TABLE `users`[0m
  [1m[35mSQL (43.2ms)[0m  DELETE FROM `schema_migrations` WHERE `schema_migrations`.`version` = '20150418041836'
Migrating to CreateRequests (20150418030117)
  [1m[36m (32.1ms)[0m  [1mDROP TABLE `requests`[0m
  [1m[35mSQL (31.9ms)[0m  DELETE FROM `schema_migrations` WHERE `schema_migrations`.`version` = '20150418030117'
  [1m[36mActiveRecord::SchemaMigration Load (0.5ms)[0m  [1mSELECT `schema_migrations`.* FROM `schema_migrations`[0m
  [1m[36mActiveRecord::SchemaMigration Load (0.4ms)[0m  [1mSELECT `schema_migrations`.* FROM `schema_migrations`[0m
Migrating to CreateRequests (20150418030117)
DEPRECATION WARNING: `#timestamp` was called without specifying an option for `null`. In Rails 5, this behavior will change to `null: false`. You should manually specify `null: true` to prevent the behavior of your existing migrations from changing. (called from block in change at /home/pachi/Escritorio/rease/db/migrate/20150418030117_create_requests.rb:11)
  [1m[35m (93.9ms)[0m  CREATE TABLE `requests` (`id` int(11) auto_increment PRIMARY KEY, `title` varchar(255), `description` text, `user_id` int(11), `experience_id` int(11), `community_id` int(11), `area_id` int(11), `created_at` datetime, `updated_at` datetime) ENGINE=InnoDB
  [1m[36m (0.3ms)[0m  [1mBEGIN[0m
  [1m[35mSQL (0.7ms)[0m  INSERT INTO `schema_migrations` (`version`) VALUES ('20150418030117')
  [1m[36m (35.3ms)[0m  [1mCOMMIT[0m
Migrating to DeviseCreateUsers (20150418041836)
DEPRECATION WARNING: `#timestamp` was called without specifying an option for `null`. In Rails 5, this behavior will change to `null: false`. You should manually specify `null: true` to prevent the behavior of your existing migrations from changing. (called from block in change at /home/pachi/Escritorio/rease/db/migrate/20150418041836_devise_create_users.rb:42)
  [1m[35m (73.3ms)[0m  CREATE TABLE `users` (`id` int(11) auto_increment PRIMARY KEY, `email` varchar(255) DEFAULT '' NOT NULL, `encrypted_password` varchar(255) DEFAULT '' NOT NULL, `reset_password_token` varchar(255), `reset_password_sent_at` datetime, `remember_created_at` datetime, `sign_in_count` int(11) DEFAULT 0 NOT NULL, `current_sign_in_at` datetime, `last_sign_in_at` datetime, `current_sign_in_ip` varchar(255), `last_sign_in_ip` varchar(255), `institution_id` int(11), `category_id` int(11), `confirmation_token` varchar(255), `confirmed_at` datetime, `confirmation_sent_at` datetime, `unconfirmed_email` varchar(255), `name` varchar(255), `last_name` varchar(255), `autorization_level` int(11), `created_at` datetime, `updated_at` datetime) ENGINE=InnoDB
  [1m[36m (192.1ms)[0m  [1mCREATE UNIQUE INDEX `index_users_on_email`  ON `users` (`email`) [0m
  [1m[35m (204.5ms)[0m  CREATE UNIQUE INDEX `index_users_on_reset_password_token`  ON `users` (`reset_password_token`) 
  [1m[36m (0.3ms)[0m  [1mBEGIN[0m
  [1m[35mSQL (0.5ms)[0m  INSERT INTO `schema_migrations` (`version`) VALUES ('20150418041836')
  [1m[36m (41.1ms)[0m  [1mCOMMIT[0m
Migrating to CreateComments (20150418063230)
DEPRECATION WARNING: `#timestamp` was called without specifying an option for `null`. In Rails 5, this behavior will change to `null: false`. You should manually specify `null: true` to prevent the behavior of your existing migrations from changing. (called from block in change at /home/pachi/Escritorio/rease/db/migrate/20150418063230_create_comments.rb:5)
  [1m[35m (109.0ms)[0m  CREATE TABLE `comments` (`id` int(11) auto_increment PRIMARY KEY, `text` text, `created_at` datetime, `updated_at` datetime, `user_id` int(11), `request_id` int(11), `service_offering_id` int(11)) ENGINE=InnoDB
  [1m[36m (0.3ms)[0m  [1mBEGIN[0m
  [1m[35mSQL (0.5ms)[0m  INSERT INTO `schema_migrations` (`version`) VALUES ('20150418063230')
  [1m[36m (41.0ms)[0m  [1mCOMMIT[0m
Migrating to CreateExperiences (20150418063256)
DEPRECATION WARNING: `#timestamp` was called without specifying an option for `null`. In Rails 5, this behavior will change to `null: false`. You should manually specify `null: true` to prevent the behavior of your existing migrations from changing. (called from block in change at /home/pachi/Escritorio/rease/db/migrate/20150418063256_create_experiences.rb:6)
  [1m[35m (108.7ms)[0m  CREATE TABLE `experiences` (`id` int(11) auto_increment PRIMARY KEY, `tittle` varchar(255), `description` text, `created_at` datetime, `updated_at` datetime, `user_id` int(11), `request_id` int(11), `service_offering_id` int(11)) ENGINE=InnoDB
  [1m[36m (0.4ms)[0m  [1mBEGIN[0m
  [1m[35mSQL (0.6ms)[0m  INSERT INTO `schema_migrations` (`version`) VALUES ('20150418063256')
  [1m[36m (40.6ms)[0m  [1mCOMMIT[0m
Migrating to CreateAreas (20150418063301)
  [1m[35m (89.7ms)[0m  CREATE TABLE `areas` (`id` int(11) auto_increment PRIMARY KEY, `description` varchar(255)) ENGINE=InnoDB
  [1m[36m (0.5ms)[0m  [1mBEGIN[0m
  [1m[35mSQL (0.6ms)[0m  INSERT INTO `schema_migrations` (`version`) VALUES ('20150418063301')
  [1m[36m (40.6ms)[0m  [1mCOMMIT[0m
Migrating to CreateCommunities (20150418063307)
  [1m[35m (98.9ms)[0m  CREATE TABLE `communities` (`id` int(11) auto_increment PRIMARY KEY, `request_id` int(11), `services_offering_id` int(11)) ENGINE=InnoDB
  [1m[36m (0.4ms)[0m  [1mBEGIN[0m
  [1m[35mSQL (0.7ms)[0m  INSERT INTO `schema_migrations` (`version`) VALUES ('20150418063307')
  [1m[36m (40.8ms)[0m  [1mCOMMIT[0m
Migrating to CreateEvents (20150418063313)
DEPRECATION WARNING: `#timestamp` was called without specifying an option for `null`. In Rails 5, this behavior will change to `null: false`. You should manually specify `null: true` to prevent the behavior of your existing migrations from changing. (called from block in change at /home/pachi/Escritorio/rease/db/migrate/20150418063313_create_events.rb:8)
  [1m[35m (98.0ms)[0m  CREATE TABLE `events` (`id` int(11) auto_increment PRIMARY KEY, `user_id` int(11), `title` varchar(255), `description` text, `adress` text, `created_at` datetime, `updated_at` datetime) ENGINE=InnoDB
  [1m[36m (0.4ms)[0m  [1mBEGIN[0m
  [1m[35mSQL (0.6ms)[0m  INSERT INTO `schema_migrations` (`version`) VALUES ('20150418063313')
  [1m[36m (40.7ms)[0m  [1mCOMMIT[0m
Migrating to CreateMeetings (20150418063318)
DEPRECATION WARNING: `#timestamp` was called without specifying an option for `null`. In Rails 5, this behavior will change to `null: false`. You should manually specify `null: true` to prevent the behavior of your existing migrations from changing. (called from block in change at /home/pachi/Escritorio/rease/db/migrate/20150418063318_create_meetings.rb:7)
  [1m[35m (98.0ms)[0m  CREATE TABLE `meetings` (`id` int(11) auto_increment PRIMARY KEY, `title` varchar(255), `description` text, `adress` text, `created_at` datetime, `updated_at` datetime, `user_id` int(11)) ENGINE=InnoDB
  [1m[36m (0.4ms)[0m  [1mBEGIN[0m
  [1m[35mSQL (0.6ms)[0m  INSERT INTO `schema_migrations` (`version`) VALUES ('20150418063318')
  [1m[36m (40.7ms)[0m  [1mCOMMIT[0m
Migrating to CreateInstitutions (20150418063328)
  [1m[35m (110.1ms)[0m  CREATE TABLE `institutions` (`id` int(11) auto_increment PRIMARY KEY, `description` text) ENGINE=InnoDB
  [1m[36m (0.5ms)[0m  [1mBEGIN[0m
  [1m[35mSQL (0.5ms)[0m  INSERT INTO `schema_migrations` (`version`) VALUES ('20150418063328')
  [1m[36m (40.6ms)[0m  [1mCOMMIT[0m
Migrating to CreateCategories (20150418063334)
  [1m[35m (110.2ms)[0m  CREATE TABLE `categories` (`id` int(11) auto_increment PRIMARY KEY, `description` text) ENGINE=InnoDB
  [1m[36m (0.4ms)[0m  [1mBEGIN[0m
  [1m[35mSQL (0.7ms)[0m  INSERT INTO `schema_migrations` (`version`) VALUES ('20150418063334')
  [1m[36m (40.6ms)[0m  [1mCOMMIT[0m
Migrating to CreateMessages (20150418063341)
DEPRECATION WARNING: `#timestamp` was called without specifying an option for `null`. In Rails 5, this behavior will change to `null: false`. You should manually specify `null: true` to prevent the behavior of your existing migrations from changing. (called from block in change at /home/pachi/Escritorio/rease/db/migrate/20150418063341_create_messages.rb:6)
  [1m[35m (98.0ms)[0m  CREATE TABLE `messages` (`id` int(11) auto_increment PRIMARY KEY, `matters` varchar(255), `text` text, `created_at` datetime, `updated_at` datetime, `user_id` int(11)) ENGINE=InnoDB
  [1m[36m (0.5ms)[0m  [1mBEGIN[0m
  [1m[35mSQL (0.5ms)[0m  INSERT INTO `schema_migrations` (`version`) VALUES ('20150418063341')
  [1m[36m (40.7ms)[0m  [1mCOMMIT[0m
Migrating to CreateServiceOfferings (20150418063359)
DEPRECATION WARNING: `#timestamp` was called without specifying an option for `null`. In Rails 5, this behavior will change to `null: false`. You should manually specify `null: true` to prevent the behavior of your existing migrations from changing. (called from block in change at /home/pachi/Escritorio/rease/db/migrate/20150418063359_create_service_offerings.rb:11)
  [1m[35m (97.8ms)[0m  CREATE TABLE `service_offerings` (`id` int(11) auto_increment PRIMARY KEY, `titlle` varchar(255), `description` text, `date` date, `user_id` int(11), `experience_id` int(11), `area_id` int(11), `community_id` int(11), `created_at` datetime, `updated_at` datetime) ENGINE=InnoDB
  [1m[36m (0.4ms)[0m  [1mBEGIN[0m
  [1m[35mSQL (0.6ms)[0m  INSERT INTO `schema_migrations` (`version`) VALUES ('20150418063359')
  [1m[36m (40.7ms)[0m  [1mCOMMIT[0m
Migrating to CreateMessageUser (20150418124239)
DEPRECATION WARNING: `#timestamp` was called without specifying an option for `null`. In Rails 5, this behavior will change to `null: false`. You should manually specify `null: true` to prevent the behavior of your existing migrations from changing. (called from block in change at /home/pachi/Escritorio/rease/db/migrate/20150418124239_create_message_user.rb:6)
  [1m[35m (95.1ms)[0m  CREATE TABLE `messages_users` (`id` int(11) auto_increment PRIMARY KEY, `message_id` int(11), `user_id` int(11), `created_at` datetime, `updated_at` datetime,  INDEX `index_messages_users_on_message_id`  (`message_id`) ,  INDEX `index_messages_users_on_user_id`  (`user_id`) ) ENGINE=InnoDB
  [1m[36m (0.4ms)[0m  [1mBEGIN[0m
  [1m[35mSQL (0.6ms)[0m  INSERT INTO `schema_migrations` (`version`) VALUES ('20150418124239')
  [1m[36m (40.6ms)[0m  [1mCOMMIT[0m
Migrating to CreateSections (20150622173536)
DEPRECATION WARNING: `#timestamp` was called without specifying an option for `null`. In Rails 5, this behavior will change to `null: false`. You should manually specify `null: true` to prevent the behavior of your existing migrations from changing. (called from block in change at /home/pachi/Escritorio/rease/db/migrate/20150622173536_create_sections.rb:7)
  [1m[35m (97.9ms)[0m  CREATE TABLE `sections` (`id` int(11) auto_increment PRIMARY KEY, `title` varchar(255), `order` varchar(255), `body` text, `created_at` datetime, `updated_at` datetime) ENGINE=InnoDB
  [1m[36m (0.4ms)[0m  [1mBEGIN[0m
  [1m[35mSQL (0.7ms)[0m  INSERT INTO `schema_migrations` (`version`) VALUES ('20150622173536')
  [1m[36m (29.5ms)[0m  [1mCOMMIT[0m
  [1m[35mActiveRecord::SchemaMigration Load (0.6ms)[0m  SELECT `schema_migrations`.* FROM `schema_migrations`
  [1m[36m (1.1ms)[0m  [1mSELECT fk.referenced_table_name as 'to_table'
      ,fk.referenced_column_name as 'primary_key'
      ,fk.column_name as 'column'
      ,fk.constraint_name as 'name'
FROM information_schema.key_column_usage fk
WHERE fk.referenced_column_name is not null
  AND fk.table_schema = 'rease_development'
  AND fk.table_name = 'areas'
[0m
  [1m[35m (0.4ms)[0m  SHOW CREATE TABLE `areas`
  [1m[36m (1.1ms)[0m  [1mSELECT fk.referenced_table_name as 'to_table'
      ,fk.referenced_column_name as 'primary_key'
      ,fk.column_name as 'column'
      ,fk.constraint_name as 'name'
FROM information_schema.key_column_usage fk
WHERE fk.referenced_column_name is not null
  AND fk.table_schema = 'rease_development'
  AND fk.table_name = 'categories'
[0m
  [1m[35m (0.4ms)[0m  SHOW CREATE TABLE `categories`
  [1m[36m (0.9ms)[0m  [1mSELECT fk.referenced_table_name as 'to_table'
      ,fk.referenced_column_name as 'primary_key'
      ,fk.column_name as 'column'
      ,fk.constraint_name as 'name'
FROM information_schema.key_column_usage fk
WHERE fk.referenced_column_name is not null
  AND fk.table_schema = 'rease_development'
  AND fk.table_name = 'comments'
[0m
  [1m[35m (0.3ms)[0m  SHOW CREATE TABLE `comments`
  [1m[36m (0.8ms)[0m  [1mSELECT fk.referenced_table_name as 'to_table'
      ,fk.referenced_column_name as 'primary_key'
      ,fk.column_name as 'column'
      ,fk.constraint_name as 'name'
FROM information_schema.key_column_usage fk
WHERE fk.referenced_column_name is not null
  AND fk.table_schema = 'rease_development'
  AND fk.table_name = 'communities'
[0m
  [1m[35m (0.3ms)[0m  SHOW CREATE TABLE `communities`
  [1m[36m (0.5ms)[0m  [1mSELECT fk.referenced_table_name as 'to_table'
      ,fk.referenced_column_name as 'primary_key'
      ,fk.column_name as 'column'
      ,fk.constraint_name as 'name'
FROM information_schema.key_column_usage fk
WHERE fk.referenced_column_name is not null
  AND fk.table_schema = 'rease_development'
  AND fk.table_name = 'events'
[0m
  [1m[35m (0.3ms)[0m  SHOW CREATE TABLE `events`
  [1m[36m (0.4ms)[0m  [1mSELECT fk.referenced_table_name as 'to_table'
      ,fk.referenced_column_name as 'primary_key'
      ,fk.column_name as 'column'
      ,fk.constraint_name as 'name'
FROM information_schema.key_column_usage fk
WHERE fk.referenced_column_name is not null
  AND fk.table_schema = 'rease_development'
  AND fk.table_name = 'experiences'
[0m
  [1m[35m (0.3ms)[0m  SHOW CREATE TABLE `experiences`
  [1m[36m (0.4ms)[0m  [1mSELECT fk.referenced_table_name as 'to_table'
      ,fk.referenced_column_name as 'primary_key'
      ,fk.column_name as 'column'
      ,fk.constraint_name as 'name'
FROM information_schema.key_column_usage fk
WHERE fk.referenced_column_name is not null
  AND fk.table_schema = 'rease_development'
  AND fk.table_name = 'institutions'
[0m
  [1m[35m (0.3ms)[0m  SHOW CREATE TABLE `institutions`
  [1m[36m (0.5ms)[0m  [1mSELECT fk.referenced_table_name as 'to_table'
      ,fk.referenced_column_name as 'primary_key'
      ,fk.column_name as 'column'
      ,fk.constraint_name as 'name'
FROM information_schema.key_column_usage fk
WHERE fk.referenced_column_name is not null
  AND fk.table_schema = 'rease_development'
  AND fk.table_name = 'meetings'
[0m
  [1m[35m (0.3ms)[0m  SHOW CREATE TABLE `meetings`
  [1m[36m (0.4ms)[0m  [1mSELECT fk.referenced_table_name as 'to_table'
      ,fk.referenced_column_name as 'primary_key'
      ,fk.column_name as 'column'
      ,fk.constraint_name as 'name'
FROM information_schema.key_column_usage fk
WHERE fk.referenced_column_name is not null
  AND fk.table_schema = 'rease_development'
  AND fk.table_name = 'messages'
[0m
  [1m[35m (0.2ms)[0m  SHOW CREATE TABLE `messages`
  [1m[36m (0.5ms)[0m  [1mSELECT fk.referenced_table_name as 'to_table'
      ,fk.referenced_column_name as 'primary_key'
      ,fk.column_name as 'column'
      ,fk.constraint_name as 'name'
FROM information_schema.key_column_usage fk
WHERE fk.referenced_column_name is not null
  AND fk.table_schema = 'rease_development'
  AND fk.table_name = 'messages_users'
[0m
  [1m[35m (0.4ms)[0m  SHOW CREATE TABLE `messages_users`
  [1m[36m (0.6ms)[0m  [1mSELECT fk.referenced_table_name as 'to_table'
      ,fk.referenced_column_name as 'primary_key'
      ,fk.column_name as 'column'
      ,fk.constraint_name as 'name'
FROM information_schema.key_column_usage fk
WHERE fk.referenced_column_name is not null
  AND fk.table_schema = 'rease_development'
  AND fk.table_name = 'requests'
[0m
  [1m[35m (0.3ms)[0m  SHOW CREATE TABLE `requests`
  [1m[36m (0.4ms)[0m  [1mSELECT fk.referenced_table_name as 'to_table'
      ,fk.referenced_column_name as 'primary_key'
      ,fk.column_name as 'column'
      ,fk.constraint_name as 'name'
FROM information_schema.key_column_usage fk
WHERE fk.referenced_column_name is not null
  AND fk.table_schema = 'rease_development'
  AND fk.table_name = 'sections'
[0m
  [1m[35m (0.2ms)[0m  SHOW CREATE TABLE `sections`
  [1m[36m (0.5ms)[0m  [1mSELECT fk.referenced_table_name as 'to_table'
      ,fk.referenced_column_name as 'primary_key'
      ,fk.column_name as 'column'
      ,fk.constraint_name as 'name'
FROM information_schema.key_column_usage fk
WHERE fk.referenced_column_name is not null
  AND fk.table_schema = 'rease_development'
  AND fk.table_name = 'service_offerings'
[0m
  [1m[35m (0.3ms)[0m  SHOW CREATE TABLE `service_offerings`
  [1m[36m (0.4ms)[0m  [1mSELECT fk.referenced_table_name as 'to_table'
      ,fk.referenced_column_name as 'primary_key'
      ,fk.column_name as 'column'
      ,fk.constraint_name as 'name'
FROM information_schema.key_column_usage fk
WHERE fk.referenced_column_name is not null
  AND fk.table_schema = 'rease_development'
  AND fk.table_name = 'users'
[0m
  [1m[35m (0.3ms)[0m  SHOW CREATE TABLE `users`


Started GET "/" for ::1 at 2015-06-22 19:42:06 -0300
  [1m[36mActiveRecord::SchemaMigration Load (0.2ms)[0m  [1mSELECT `schema_migrations`.* FROM `schema_migrations`[0m
  [1m[35mUser Load (0.8ms)[0m  SELECT  `users`.* FROM `users` WHERE `users`.`id` = 15  ORDER BY `users`.`id` ASC LIMIT 1
Processing by PresentationController#index as HTML
  [1m[36mSection Load (0.7ms)[0m  [1mSELECT `sections`.* FROM `sections`[0m
  Rendered presentation/index.html.erb within layouts/application (5.9ms)
  [1m[35m (0.5ms)[0m  SELECT COUNT(*) FROM `users`
  Rendered parsials/_navigation.html.erb (5.5ms)
  Rendered devise/shared/_links.html.erb (3.0ms)
  Rendered devise/sessions/_inicio_sesion.html.erb (102.4ms)
  Rendered parsials/_intranet.html.erb (104.9ms)
Completed 200 OK in 735ms (Views: 726.5ms | ActiveRecord: 2.7ms)


Started GET "/assets/bootstrap.self-48b6fc2f6c7175ba7730d917306201b082c7f9f4501d81d5167f59c58b12b32d.css?body=1" for ::1 at 2015-06-22 19:42:07 -0300


Started GET "/assets/twitter-bootstrap-static/fontawesome.self-c1a8821f7eb1b195061d7706930814ecc6bd44db4c68f208da5fe14845fa11ea.css?body=1" for ::1 at 2015-06-22 19:42:07 -0300


Started GET "/assets/twitter-bootstrap-static/bootstrap.self-77d963462a71b85aa6c39f0110994006fed4301154d937da52eb3884ff813853.css?body=1" for ::1 at 2015-06-22 19:42:07 -0300


Started GET "/assets/presentation.self-e3b0c44298fc1c149afbf4c8996fb92427ae41e4649b934ca495991b7852b855.css?body=1" for ::1 at 2015-06-22 19:42:07 -0300


Started GET "/assets/styles.self-94c16ca34638d97bc707bde5656870b28254a6b22917b27ecb5c3a59c9435eb8.css?body=1" for ::1 at 2015-06-22 19:42:07 -0300


Started GET "/assets/bootstrap_and_overrides.self-2cb3834583dfbaf0a39c7139750bf963e05d79cbe811126997e013400be5d8dc.css?body=1" for ::1 at 2015-06-22 19:42:07 -0300


Started GET "/assets/application.self-f9a1b152a84c79cb802c3085a3e4eb2ea6ed7763052e9b70b3567da42e657649.css?body=1" for ::1 at 2015-06-22 19:42:07 -0300


Started GET "/assets/jquery.self-d03a5518f45df77341bdbe6201ba3bfa547ebba8ed64f0ea56bfa5f96ea7c074.js?body=1" for ::1 at 2015-06-22 19:42:07 -0300


Started GET "/assets/jquery_ujs.self-8e98a7a072a6cee1372d19fff9ff3e6aa1e39a37d89d6f06861637d061113ee7.js?body=1" for ::1 at 2015-06-22 19:42:07 -0300


Started GET "/assets/twitter/bootstrap/alert.self-ebce91ec66c71bcee451ea7da9128fd1bf8faa02c6d22ea04c598423431e4c08.js?body=1" for ::1 at 2015-06-22 19:42:07 -0300


Started GET "/assets/twitter/bootstrap/transition.self-db278e3a8fa6249c16796b113ebd29e11ef4e2cd021618ed84895d524a4511e0.js?body=1" for ::1 at 2015-06-22 19:42:07 -0300


Started GET "/assets/twitter/bootstrap/modal.self-ab1767545e27c0dbd36971e656ae4927171f673e3d932cdec2cbef39e991952b.js?body=1" for ::1 at 2015-06-22 19:42:07 -0300


Started GET "/assets/twitter/bootstrap/dropdown.self-8bb9309b6c24a4ba6b94026a049d25b13bdc0553b6fe83255c14a715ba624cc4.js?body=1" for ::1 at 2015-06-22 19:42:07 -0300


Started GET "/assets/twitter/bootstrap/scrollspy.self-bd0c6724cdc75302fe98dfeff923112b76c1673cf4a0752a7050b7feea15594c.js?body=1" for ::1 at 2015-06-22 19:42:07 -0300


Started GET "/assets/twitter/bootstrap/tab.self-7e3ee4a243bb416b5f0111a0be08f8547c5d72ba71fe4afe4a4a007f5cb4e10e.js?body=1" for ::1 at 2015-06-22 19:42:07 -0300


Started GET "/assets/twitter/bootstrap/tooltip.self-d7f9330825307d053f68da11bb9ddc9b070df72deef3d115f2f3d55f66b17457.js?body=1" for ::1 at 2015-06-22 19:42:07 -0300


Started GET "/assets/twitter/bootstrap/popover.self-cd672ecad3b549e1dbd89bfd044e5812d6fdade56f42d48e3acee0c3f4614526.js?body=1" for ::1 at 2015-06-22 19:42:07 -0300


Started GET "/assets/twitter/bootstrap/button.self-ceb562de883e04359bb2c06f07bdf6ecf065cc8a5027e2e58857c5e91b0b68e3.js?body=1" for ::1 at 2015-06-22 19:42:07 -0300


Started GET "/assets/twitter/bootstrap/collapse.self-a87553101c955a01e2e8c81fad69a16582ddbf58fe95d5eb335dde5567af7647.js?body=1" for ::1 at 2015-06-22 19:42:07 -0300


Started GET "/assets/twitter/bootstrap/carousel.self-5d09995e01b647168888180d40e271f9a6759d68ae7ac029d7026af58813d376.js?body=1" for ::1 at 2015-06-22 19:42:07 -0300


Started GET "/assets/twitter/bootstrap/affix.self-14e04bbe71282aa039322ab93e3a3a886ddede5f59a2f365f7c861f697bbeb21.js?body=1" for ::1 at 2015-06-22 19:42:07 -0300


Started GET "/assets/twitter/bootstrap.self-fbfa5ad7d9aa0afe439ec4ff3883acc4cb92b62cb67c40d674320c9aa1d4642d.js?body=1" for ::1 at 2015-06-22 19:42:07 -0300


Started GET "/assets/turbolinks.self-c37727e9bd6b2735da5c311aa83fead54ed0be6cc8bd9a65309e9c5abe2cbfff.js?body=1" for ::1 at 2015-06-22 19:42:07 -0300


Started GET "/assets/bootstrap.self-fdc98dee79ee88255e10cac6caa91338165cb76cf0d263744d8d90011fc2ef8f.js?body=1" for ::1 at 2015-06-22 19:42:07 -0300


Started GET "/assets/menuestatuto.self-0bb7d6c6f2d1ccfb9360e2c883d671872503faded85d536ab9a57d0af7733cd0.js?body=1" for ::1 at 2015-06-22 19:42:07 -0300


Started GET "/assets/presentation.self-877aef30ae1b040ab8a3aba4e3e309a11d7f2612f44dde450b5c157aa5f95c05.js?body=1" for ::1 at 2015-06-22 19:42:07 -0300


Started GET "/assets/application.self-16c207b3ca1b52afcfc7f4b662487caf1bbe084a6656bb15f693ab9de2d11be7.js?body=1" for ::1 at 2015-06-22 19:42:07 -0300


Started GET "/users/sign_up" for ::1 at 2015-06-22 19:42:11 -0300
Processing by Users::RegistrationsController#new as HTML
  Rendered presentation/_estatutos.html.erb (1.8ms)
  Rendered devise/registrations/new.html.erb within layouts/application (17.2ms)
  [1m[36m (0.3ms)[0m  [1mSELECT COUNT(*) FROM `users`[0m
  Rendered parsials/_navigation.html.erb (2.6ms)
  Rendered devise/shared/_links.html.erb (0.2ms)
  Rendered devise/sessions/_inicio_sesion.html.erb (2.3ms)
  Rendered parsials/_intranet.html.erb (3.2ms)
Completed 200 OK in 225ms (Views: 221.3ms | ActiveRecord: 0.3ms)


Started POST "/users" for ::1 at 2015-06-22 19:42:23 -0300
Processing by Users::RegistrationsController#create as HTML
  Parameters: {"utf8"=>"✓", "authenticity_token"=>"dgVhRmZ+6/q0pnoKIRN32TyJvFyZUf2FMYIT5xTd5nmOT7FMnJXTlH5v4XG14Tzx0PGES5sPuyTdISxFwjdVJA==", "user"=>{"name"=>"Paz", "last_name"=>"Bustos", "email"=>"paz.bustos.m@gmail.com", "password"=>"[FILTERED]", "password_confirmation"=>"[FILTERED]", "category_id"=>"1", "autorization_level"=>"1"}}
  [1m[35m (0.2ms)[0m  BEGIN
  [1m[36mUser Exists (0.8ms)[0m  [1mSELECT  1 AS one FROM `users` WHERE `users`.`email` = BINARY 'paz.bustos.m@gmail.com' LIMIT 1[0m
  [1m[35mSQL (0.7ms)[0m  INSERT INTO `users` (`email`, `encrypted_password`, `name`, `last_name`, `category_id`, `autorization_level`, `created_at`, `updated_at`) VALUES ('paz.bustos.m@gmail.com', '$2a$10$hW50eY6vQCCMSkwKnYG.3ee9puZ//1q3EEIRNxQw/tHrsx0cumRi.', 'Paz', 'Bustos', 1, 1, '2015-06-22 22:42:23', '2015-06-22 22:42:23')
  [1m[36m (48.1ms)[0m  [1mCOMMIT[0m
  [1m[35m (0.4ms)[0m  BEGIN
  [1m[36mSQL (0.8ms)[0m  [1mUPDATE `users` SET `last_sign_in_at` = '2015-06-22 22:42:23', `current_sign_in_at` = '2015-06-22 22:42:23', `last_sign_in_ip` = '::1', `current_sign_in_ip` = '::1', `sign_in_count` = 1, `updated_at` = '2015-06-22 22:42:23' WHERE `users`.`id` = 1[0m
  [1m[35m (39.0ms)[0m  COMMIT
Redirected to http://localhost:3000/
Completed 302 Found in 279ms (ActiveRecord: 90.0ms)


Started GET "/" for ::1 at 2015-06-22 19:42:23 -0300
  [1m[36mUser Load (0.5ms)[0m  [1mSELECT  `users`.* FROM `users` WHERE `users`.`id` = 1  ORDER BY `users`.`id` ASC LIMIT 1[0m
Processing by PresentationController#index as HTML
  [1m[35mSection Load (0.3ms)[0m  SELECT `sections`.* FROM `sections`
  Rendered presentation/index.html.erb within layouts/application (1.0ms)
  [1m[36m (0.5ms)[0m  [1mSELECT COUNT(*) FROM `users`[0m
  Rendered parsials/_navigation.html.erb (3.0ms)
  Rendered parsials/_intranet.html.erb (0.5ms)
Completed 200 OK in 181ms (Views: 179.3ms | ActiveRecord: 0.8ms)
  [1m[36mUser Load (0.5ms)[0m  [1mSELECT `users`.* FROM `users`[0m
